[2025-08-19 22:52:47,485] INFO django.utils.autoreload Watching for file changes with StatReloader
[2025-08-19 22:53:18,278] INFO core.middleware request GET /api/notifications/ 200 user=admin ip=127.0.0.1 duration_ms=2
[2025-08-19 22:53:18,281] INFO core.middleware request GET /api/notifications/ 200 user=admin ip=127.0.0.1 duration_ms=1
[2025-08-19 22:53:33,894] INFO django.utils.autoreload C:\Users\PC\Documents\GitHub\AgriDjangoPortal\core\admin.py changed, reloading.
[2025-08-19 22:53:34,339] INFO django.utils.autoreload Watching for file changes with StatReloader
[2025-08-19 22:54:18,277] INFO core.middleware request GET /api/notifications/ 200 user=admin ip=127.0.0.1 duration_ms=3
[2025-08-19 22:54:18,280] INFO core.middleware request GET /api/notifications/ 200 user=admin ip=127.0.0.1 duration_ms=1
[2025-08-19 22:55:18,282] INFO core.middleware request GET /api/notifications/ 200 user=admin ip=127.0.0.1 duration_ms=1
[2025-08-19 22:55:18,286] INFO core.middleware request GET /api/notifications/ 200 user=admin ip=127.0.0.1 duration_ms=1
[2025-08-19 22:55:53,362] ERROR core.signals Failed to write ActivityLog for migrations.Migration
Traceback (most recent call last):
  File "C:\Users\PC\AppData\Local\Programs\Python\Python313\Lib\site-packages\django\db\backends\utils.py", line 105, in _execute
    return self.cursor.execute(sql, params)
           ~~~~~~~~~~~~~~~~~~~^^^^^^^^^^^^^
  File "C:\Users\PC\AppData\Local\Programs\Python\Python313\Lib\site-packages\django\db\backends\sqlite3\base.py", line 354, in execute
    return super().execute(query, params)
           ~~~~~~~~~~~~~~~^^^^^^^^^^^^^^^
sqlite3.OperationalError: no such table: core_activitylog

The above exception was the direct cause of the following exception:

Traceback (most recent call last):
  File "C:\Users\PC\Documents\GitHub\AgriDjangoPortal\core\signals.py", line 82, in log_post_save
    ActivityLog.objects.create(
    ~~~~~~~~~~~~~~~~~~~~~~~~~~^
        user=get_request_user(),
        ^^^^^^^^^^^^^^^^^^^^^^^^
    ...<6 lines>...
        session_key=get_request_session_key(),
        ^^^^^^^^^^^^^^^^^^^^^^^^^^^^^^^^^^^^^^
    )
    ^
  File "C:\Users\PC\AppData\Local\Programs\Python\Python313\Lib\site-packages\django\db\models\manager.py", line 87, in manager_method
    return getattr(self.get_queryset(), name)(*args, **kwargs)
           ~~~~~~~~~~~~~~~~~~~~~~~~~~~~~~~~~~^^^^^^^^^^^^^^^^^
  File "C:\Users\PC\AppData\Local\Programs\Python\Python313\Lib\site-packages\django\db\models\query.py", line 679, in create
    obj.save(force_insert=True, using=self.db)
    ~~~~~~~~^^^^^^^^^^^^^^^^^^^^^^^^^^^^^^^^^^
  File "C:\Users\PC\AppData\Local\Programs\Python\Python313\Lib\site-packages\django\db\models\base.py", line 892, in save
    self.save_base(
    ~~~~~~~~~~~~~~^
        using=using,
        ^^^^^^^^^^^^
    ...<2 lines>...
        update_fields=update_fields,
        ^^^^^^^^^^^^^^^^^^^^^^^^^^^^
    )
    ^
  File "C:\Users\PC\AppData\Local\Programs\Python\Python313\Lib\site-packages\django\db\models\base.py", line 998, in save_base
    updated = self._save_table(
        raw,
    ...<4 lines>...
        update_fields,
    )
  File "C:\Users\PC\AppData\Local\Programs\Python\Python313\Lib\site-packages\django\db\models\base.py", line 1161, in _save_table
    results = self._do_insert(
        cls._base_manager, using, fields, returning_fields, raw
    )
  File "C:\Users\PC\AppData\Local\Programs\Python\Python313\Lib\site-packages\django\db\models\base.py", line 1202, in _do_insert
    return manager._insert(
           ~~~~~~~~~~~~~~~^
        [self],
        ^^^^^^^
    ...<3 lines>...
        raw=raw,
        ^^^^^^^^
    )
    ^
  File "C:\Users\PC\AppData\Local\Programs\Python\Python313\Lib\site-packages\django\db\models\manager.py", line 87, in manager_method
    return getattr(self.get_queryset(), name)(*args, **kwargs)
           ~~~~~~~~~~~~~~~~~~~~~~~~~~~~~~~~~~^^^^^^^^^^^^^^^^^
  File "C:\Users\PC\AppData\Local\Programs\Python\Python313\Lib\site-packages\django\db\models\query.py", line 1847, in _insert
    return query.get_compiler(using=using).execute_sql(returning_fields)
           ~~~~~~~~~~~~~~~~~~~~~~~~~~~~~~~~~~~~~~~~~~~^^^^^^^^^^^^^^^^^^
  File "C:\Users\PC\AppData\Local\Programs\Python\Python313\Lib\site-packages\django\db\models\sql\compiler.py", line 1836, in execute_sql
    cursor.execute(sql, params)
    ~~~~~~~~~~~~~~^^^^^^^^^^^^^
  File "C:\Users\PC\AppData\Local\Programs\Python\Python313\Lib\site-packages\django\db\backends\utils.py", line 79, in execute
    return self._execute_with_wrappers(
           ~~~~~~~~~~~~~~~~~~~~~~~~~~~^
        sql, params, many=False, executor=self._execute
        ^^^^^^^^^^^^^^^^^^^^^^^^^^^^^^^^^^^^^^^^^^^^^^^
    )
    ^
  File "C:\Users\PC\AppData\Local\Programs\Python\Python313\Lib\site-packages\django\db\backends\utils.py", line 92, in _execute_with_wrappers
    return executor(sql, params, many, context)
  File "C:\Users\PC\AppData\Local\Programs\Python\Python313\Lib\site-packages\django\db\backends\utils.py", line 100, in _execute
    with self.db.wrap_database_errors:
         ^^^^^^^^^^^^^^^^^^^^^^^^^^^^
  File "C:\Users\PC\AppData\Local\Programs\Python\Python313\Lib\site-packages\django\db\utils.py", line 91, in __exit__
    raise dj_exc_value.with_traceback(traceback) from exc_value
  File "C:\Users\PC\AppData\Local\Programs\Python\Python313\Lib\site-packages\django\db\backends\utils.py", line 105, in _execute
    return self.cursor.execute(sql, params)
           ~~~~~~~~~~~~~~~~~~~^^^^^^^^^^^^^
  File "C:\Users\PC\AppData\Local\Programs\Python\Python313\Lib\site-packages\django\db\backends\sqlite3\base.py", line 354, in execute
    return super().execute(query, params)
           ~~~~~~~~~~~~~~~^^^^^^^^^^^^^^^
django.db.utils.OperationalError: no such table: core_activitylog
[2025-08-19 22:56:18,270] INFO core.middleware request GET /api/notifications/ 200 user=admin ip=127.0.0.1 duration_ms=2
[2025-08-19 22:56:18,275] INFO core.middleware request GET /api/notifications/ 200 user=admin ip=127.0.0.1 duration_ms=3
[2025-08-19 22:56:32,377] INFO django.utils.autoreload C:\Users\PC\Documents\GitHub\AgriDjangoPortal\core\signals.py changed, reloading.
[2025-08-19 22:56:32,858] INFO django.utils.autoreload Watching for file changes with StatReloader
[2025-08-19 22:57:18,289] INFO core.middleware request GET /api/notifications/ 200 user=admin ip=127.0.0.1 duration_ms=6
[2025-08-19 22:57:18,294] INFO core.middleware request GET /api/notifications/ 200 user=admin ip=127.0.0.1 duration_ms=2
[2025-08-19 22:58:18,280] INFO core.middleware request GET /api/notifications/ 200 user=admin ip=127.0.0.1 duration_ms=1
[2025-08-19 22:58:18,283] INFO core.middleware request GET /api/notifications/ 200 user=admin ip=127.0.0.1 duration_ms=2
[2025-08-19 22:59:18,271] INFO core.middleware request GET /api/notifications/ 200 user=admin ip=127.0.0.1 duration_ms=1
[2025-08-19 22:59:18,274] INFO core.middleware request GET /api/notifications/ 200 user=admin ip=127.0.0.1 duration_ms=1
[2025-08-19 22:59:58,231] INFO core.middleware request GET / 200 user=admin ip=127.0.0.1 duration_ms=24
[2025-08-19 23:00:02,139] INFO core.middleware request GET /admin/ 200 user=admin ip=127.0.0.1 duration_ms=85
[2025-08-19 23:00:18,273] INFO core.middleware request GET /api/notifications/ 200 user=admin ip=127.0.0.1 duration_ms=2
[2025-08-19 23:01:18,276] INFO core.middleware request GET /api/notifications/ 200 user=admin ip=127.0.0.1 duration_ms=1
[2025-08-19 23:02:18,268] INFO core.middleware request GET /api/notifications/ 200 user=admin ip=127.0.0.1 duration_ms=1
[2025-08-19 23:02:29,799] INFO django.utils.autoreload C:\Users\PC\Documents\GitHub\AgriDjangoPortal\core\views.py changed, reloading.
[2025-08-19 23:02:30,277] INFO django.utils.autoreload Watching for file changes with StatReloader
[2025-08-19 23:03:03,404] INFO core.middleware request GET / 200 user=admin ip=127.0.0.1 duration_ms=25
[2025-08-19 23:03:04,630] INFO core.middleware request GET /candidates/ 200 user=admin ip=127.0.0.1 duration_ms=15
[2025-08-19 23:03:18,283] INFO core.middleware request GET /api/notifications/ 200 user=admin ip=127.0.0.1 duration_ms=2
[2025-08-19 23:03:33,566] INFO core.middleware request GET /candidates/ 200 user=admin ip=127.0.0.1 duration_ms=10
[2025-08-19 23:03:35,475] ERROR django.request Internal Server Error: /candidates/5/
Traceback (most recent call last):
  File "C:\Users\PC\Documents\GitHub\AgriDjangoPortal\venv\Lib\site-packages\django\core\handlers\exception.py", line 55, in inner
    response = get_response(request)
  File "C:\Users\PC\Documents\GitHub\AgriDjangoPortal\venv\Lib\site-packages\django\core\handlers\base.py", line 197, in _get_response
    response = wrapped_callback(request, *callback_args, **callback_kwargs)
  File "C:\Users\PC\Documents\GitHub\AgriDjangoPortal\venv\Lib\site-packages\django\contrib\auth\decorators.py", line 23, in _wrapper_view
    return view_func(request, *args, **kwargs)
  File "C:\Users\PC\Documents\GitHub\AgriDjangoPortal\core\views.py", line 879, in view_candidate
    ).order_by('-created_at')[:50]
      ~~~~~~~~^^^^^^^^^^^^^^^
  File "C:\Users\PC\Documents\GitHub\AgriDjangoPortal\venv\Lib\site-packages\django\db\models\query.py", line 1659, in order_by
    obj.query.add_ordering(*field_names)
    ~~~~~~~~~~~~~~~~~~~~~~^^^^^^^^^^^^^^
  File "C:\Users\PC\Documents\GitHub\AgriDjangoPortal\venv\Lib\site-packages\django\db\models\sql\query.py", line 2222, in add_ordering
    self.names_to_path(item.split(LOOKUP_SEP), self.model._meta)
    ~~~~~~~~~~~~~~~~~~^^^^^^^^^^^^^^^^^^^^^^^^^^^^^^^^^^^^^^^^^^
  File "C:\Users\PC\Documents\GitHub\AgriDjangoPortal\venv\Lib\site-packages\django\db\models\sql\query.py", line 1725, in names_to_path
    raise FieldError(
    ...<2 lines>...
    )
django.core.exceptions.FieldError: Cannot resolve keyword 'created_at' into field. Choices are: action_type, after_data, before_data, id, ip_address, model_name, object_id, session_key, timestamp, user, user_id
[2025-08-19 23:03:35,478] INFO core.middleware request GET /candidates/5/ 500 user=admin ip=127.0.0.1 duration_ms=87
[2025-08-19 23:04:18,279] INFO core.middleware request GET /api/notifications/ 200 user=admin ip=127.0.0.1 duration_ms=1
[2025-08-19 23:04:36,479] INFO django.utils.autoreload C:\Users\PC\Documents\GitHub\AgriDjangoPortal\core\views.py changed, reloading.
[2025-08-19 23:04:36,952] INFO django.utils.autoreload Watching for file changes with StatReloader
[2025-08-19 23:05:07,771] INFO core.middleware request GET /api/notifications/ 200 user=admin ip=127.0.0.1 duration_ms=3
[2025-08-19 23:05:08,894] INFO core.middleware request GET / 200 user=admin ip=127.0.0.1 duration_ms=23
[2025-08-19 23:05:09,580] INFO core.middleware request GET /programs/ 200 user=admin ip=127.0.0.1 duration_ms=4
[2025-08-19 23:05:10,469] INFO core.middleware request GET /candidates/ 200 user=admin ip=127.0.0.1 duration_ms=14
[2025-08-19 23:05:11,687] INFO core.middleware request GET /candidates/3/ 200 user=admin ip=127.0.0.1 duration_ms=16
[2025-08-19 23:05:18,272] INFO core.middleware request GET /api/notifications/ 200 user=admin ip=127.0.0.1 duration_ms=1
[2025-08-19 23:05:27,202] INFO core.middleware request GET /admin/ 200 user=admin ip=127.0.0.1 duration_ms=12
[2025-08-19 23:05:29,436] INFO core.middleware request GET /admin/core/activitylog/ 200 user=admin ip=127.0.0.1 duration_ms=63
[2025-08-19 23:05:29,459] INFO core.middleware request GET /admin/jsi18n/ 200 user=admin ip=127.0.0.1 duration_ms=8
[2025-08-19 23:05:37,768] INFO core.middleware request GET /admin/ 200 user=admin ip=127.0.0.1 duration_ms=9
[2025-08-19 23:05:44,662] INFO core.middleware request GET /candidates/ 200 user=admin ip=127.0.0.1 duration_ms=7
[2025-08-19 23:05:45,796] INFO core.middleware request GET /candidates/5/ 200 user=admin ip=127.0.0.1 duration_ms=5
[2025-08-19 23:06:18,271] INFO core.middleware request GET /api/notifications/ 200 user=admin ip=127.0.0.1 duration_ms=1
[2025-08-19 23:06:46,269] INFO core.middleware request GET /api/notifications/ 200 user=admin ip=127.0.0.1 duration_ms=1
[2025-08-19 23:07:18,283] INFO core.middleware request GET /api/notifications/ 200 user=admin ip=127.0.0.1 duration_ms=1
[2025-08-19 23:07:43,485] INFO core.middleware request GET /logout/ 302 user= ip=127.0.0.1 duration_ms=37
[2025-08-19 23:07:43,489] INFO core.middleware request GET / 200 user= ip=127.0.0.1 duration_ms=1
[2025-08-19 23:07:44,386] INFO core.middleware request GET /modal/login/ 200 user= ip=127.0.0.1 duration_ms=1
[2025-08-19 23:07:52,313] ERROR django.request Internal Server Error: /api/notifications/
Traceback (most recent call last):
  File "C:\Users\PC\Documents\GitHub\AgriDjangoPortal\venv\Lib\site-packages\django\urls\base.py", line 71, in reverse
    extra, resolver = resolver.namespace_dict[ns]
                      ~~~~~~~~~~~~~~~~~~~~~~~^^^^
KeyError: 'javascript'

During handling of the above exception, another exception occurred:

Traceback (most recent call last):
  File "C:\Users\PC\Documents\GitHub\AgriDjangoPortal\venv\Lib\site-packages\django\core\handlers\exception.py", line 55, in inner
    response = get_response(request)
  File "C:\Users\PC\Documents\GitHub\AgriDjangoPortal\venv\Lib\site-packages\django\core\handlers\base.py", line 197, in _get_response
    response = wrapped_callback(request, *callback_args, **callback_kwargs)
  File "C:\Users\PC\Documents\GitHub\AgriDjangoPortal\venv\Lib\site-packages\django\contrib\auth\decorators.py", line 25, in _wrapper_view
    resolved_login_url = resolve_url(login_url or settings.LOGIN_URL)
  File "C:\Users\PC\Documents\GitHub\AgriDjangoPortal\venv\Lib\site-packages\django\shortcuts.py", line 145, in resolve_url
    return reverse(to, args=args, kwargs=kwargs)
  File "C:\Users\PC\Documents\GitHub\AgriDjangoPortal\venv\Lib\site-packages\django\urls\base.py", line 82, in reverse
    raise NoReverseMatch("%s is not a registered namespace" % key)
django.urls.exceptions.NoReverseMatch: 'javascript' is not a registered namespace
[2025-08-19 23:07:52,315] INFO core.middleware request GET /api/notifications/ 500 user= ip=127.0.0.1 duration_ms=40
[2025-08-19 23:07:54,392] INFO core.middleware request POST /api/ajax-login/ 200 user=kamotegang ip=127.0.0.1 duration_ms=517
[2025-08-19 23:07:54,917] INFO core.middleware request GET / 200 user=kamotegang ip=127.0.0.1 duration_ms=2
[2025-08-19 23:07:57,026] INFO core.middleware request GET /api/notifications/ 200 user=kamotegang ip=127.0.0.1 duration_ms=1
[2025-08-19 23:08:04,882] INFO core.middleware request GET /admin/ 302 user=kamotegang ip=127.0.0.1 duration_ms=1
[2025-08-19 23:08:04,916] INFO core.middleware request GET /admin/login/ 200 user=kamotegang ip=127.0.0.1 duration_ms=32
[2025-08-19 23:08:27,088] INFO core.middleware request GET /logout/ 302 user= ip=127.0.0.1 duration_ms=32
[2025-08-19 23:08:27,092] INFO core.middleware request GET / 200 user= ip=127.0.0.1 duration_ms=1
[2025-08-19 23:08:28,041] INFO core.middleware request GET /modal/login/ 200 user= ip=127.0.0.1 duration_ms=0
[2025-08-19 23:08:32,195] INFO core.middleware request POST /api/ajax-login/ 200 user=admin ip=127.0.0.1 duration_ms=513
[2025-08-19 23:08:32,721] INFO core.middleware request GET / 200 user=admin ip=127.0.0.1 duration_ms=3
[2025-08-19 23:08:33,804] INFO core.middleware request GET /admin/ 200 user=admin ip=127.0.0.1 duration_ms=6
[2025-08-19 23:08:35,443] INFO core.middleware request GET /admin/core/activitylog/ 200 user=admin ip=127.0.0.1 duration_ms=12
[2025-08-19 23:08:35,459] INFO core.middleware request GET /admin/jsi18n/ 200 user=admin ip=127.0.0.1 duration_ms=1
[2025-08-19 23:08:52,278] INFO core.middleware request GET /api/notifications/ 200 user=admin ip=127.0.0.1 duration_ms=1
[2025-08-19 23:09:53,275] INFO core.middleware request GET /api/notifications/ 200 user=admin ip=127.0.0.1 duration_ms=1
[2025-08-19 23:10:32,760] INFO core.middleware request POST /admin/logout/ 302 user= ip=127.0.0.1 duration_ms=34
[2025-08-19 23:10:32,763] INFO core.middleware request GET / 200 user= ip=127.0.0.1 duration_ms=1
[2025-08-19 23:10:34,647] INFO core.middleware request GET /contact/ 200 user= ip=127.0.0.1 duration_ms=0
[2025-08-19 23:10:36,416] INFO core.middleware request GET /help/ 200 user= ip=127.0.0.1 duration_ms=1
[2025-08-19 23:10:42,710] ERROR django.request Internal Server Error: /profile/
Traceback (most recent call last):
  File "C:\Users\PC\Documents\GitHub\AgriDjangoPortal\venv\Lib\site-packages\django\urls\base.py", line 71, in reverse
    extra, resolver = resolver.namespace_dict[ns]
                      ~~~~~~~~~~~~~~~~~~~~~~~^^^^
KeyError: 'javascript'

During handling of the above exception, another exception occurred:

Traceback (most recent call last):
  File "C:\Users\PC\Documents\GitHub\AgriDjangoPortal\venv\Lib\site-packages\django\core\handlers\exception.py", line 55, in inner
    response = get_response(request)
  File "C:\Users\PC\Documents\GitHub\AgriDjangoPortal\venv\Lib\site-packages\django\core\handlers\base.py", line 197, in _get_response
    response = wrapped_callback(request, *callback_args, **callback_kwargs)
  File "C:\Users\PC\Documents\GitHub\AgriDjangoPortal\venv\Lib\site-packages\django\contrib\auth\decorators.py", line 25, in _wrapper_view
    resolved_login_url = resolve_url(login_url or settings.LOGIN_URL)
  File "C:\Users\PC\Documents\GitHub\AgriDjangoPortal\venv\Lib\site-packages\django\shortcuts.py", line 145, in resolve_url
    return reverse(to, args=args, kwargs=kwargs)
  File "C:\Users\PC\Documents\GitHub\AgriDjangoPortal\venv\Lib\site-packages\django\urls\base.py", line 82, in reverse
    raise NoReverseMatch("%s is not a registered namespace" % key)
django.urls.exceptions.NoReverseMatch: 'javascript' is not a registered namespace
[2025-08-19 23:10:42,711] INFO core.middleware request GET /profile/ 500 user= ip=127.0.0.1 duration_ms=16
[2025-08-19 23:10:54,293] ERROR django.request Internal Server Error: /api/notifications/
Traceback (most recent call last):
  File "C:\Users\PC\Documents\GitHub\AgriDjangoPortal\venv\Lib\site-packages\django\urls\base.py", line 71, in reverse
    extra, resolver = resolver.namespace_dict[ns]
                      ~~~~~~~~~~~~~~~~~~~~~~~^^^^
KeyError: 'javascript'

During handling of the above exception, another exception occurred:

Traceback (most recent call last):
  File "C:\Users\PC\Documents\GitHub\AgriDjangoPortal\venv\Lib\site-packages\django\core\handlers\exception.py", line 55, in inner
    response = get_response(request)
  File "C:\Users\PC\Documents\GitHub\AgriDjangoPortal\venv\Lib\site-packages\django\core\handlers\base.py", line 197, in _get_response
    response = wrapped_callback(request, *callback_args, **callback_kwargs)
  File "C:\Users\PC\Documents\GitHub\AgriDjangoPortal\venv\Lib\site-packages\django\contrib\auth\decorators.py", line 25, in _wrapper_view
    resolved_login_url = resolve_url(login_url or settings.LOGIN_URL)
  File "C:\Users\PC\Documents\GitHub\AgriDjangoPortal\venv\Lib\site-packages\django\shortcuts.py", line 145, in resolve_url
    return reverse(to, args=args, kwargs=kwargs)
  File "C:\Users\PC\Documents\GitHub\AgriDjangoPortal\venv\Lib\site-packages\django\urls\base.py", line 82, in reverse
    raise NoReverseMatch("%s is not a registered namespace" % key)
django.urls.exceptions.NoReverseMatch: 'javascript' is not a registered namespace
[2025-08-19 23:10:54,294] INFO core.middleware request GET /api/notifications/ 500 user= ip=127.0.0.1 duration_ms=15
[2025-08-19 23:11:55,281] ERROR django.request Internal Server Error: /api/notifications/
Traceback (most recent call last):
  File "C:\Users\PC\Documents\GitHub\AgriDjangoPortal\venv\Lib\site-packages\django\urls\base.py", line 71, in reverse
    extra, resolver = resolver.namespace_dict[ns]
                      ~~~~~~~~~~~~~~~~~~~~~~~^^^^
KeyError: 'javascript'

During handling of the above exception, another exception occurred:

Traceback (most recent call last):
  File "C:\Users\PC\Documents\GitHub\AgriDjangoPortal\venv\Lib\site-packages\django\core\handlers\exception.py", line 55, in inner
    response = get_response(request)
  File "C:\Users\PC\Documents\GitHub\AgriDjangoPortal\venv\Lib\site-packages\django\core\handlers\base.py", line 197, in _get_response
    response = wrapped_callback(request, *callback_args, **callback_kwargs)
  File "C:\Users\PC\Documents\GitHub\AgriDjangoPortal\venv\Lib\site-packages\django\contrib\auth\decorators.py", line 25, in _wrapper_view
    resolved_login_url = resolve_url(login_url or settings.LOGIN_URL)
  File "C:\Users\PC\Documents\GitHub\AgriDjangoPortal\venv\Lib\site-packages\django\shortcuts.py", line 145, in resolve_url
    return reverse(to, args=args, kwargs=kwargs)
  File "C:\Users\PC\Documents\GitHub\AgriDjangoPortal\venv\Lib\site-packages\django\urls\base.py", line 82, in reverse
    raise NoReverseMatch("%s is not a registered namespace" % key)
django.urls.exceptions.NoReverseMatch: 'javascript' is not a registered namespace
[2025-08-19 23:11:55,283] INFO core.middleware request GET /api/notifications/ 500 user= ip=127.0.0.1 duration_ms=15
[2025-08-19 23:12:56,283] ERROR django.request Internal Server Error: /api/notifications/
Traceback (most recent call last):
  File "C:\Users\PC\Documents\GitHub\AgriDjangoPortal\venv\Lib\site-packages\django\urls\base.py", line 71, in reverse
    extra, resolver = resolver.namespace_dict[ns]
                      ~~~~~~~~~~~~~~~~~~~~~~~^^^^
KeyError: 'javascript'

During handling of the above exception, another exception occurred:

Traceback (most recent call last):
  File "C:\Users\PC\Documents\GitHub\AgriDjangoPortal\venv\Lib\site-packages\django\core\handlers\exception.py", line 55, in inner
    response = get_response(request)
  File "C:\Users\PC\Documents\GitHub\AgriDjangoPortal\venv\Lib\site-packages\django\core\handlers\base.py", line 197, in _get_response
    response = wrapped_callback(request, *callback_args, **callback_kwargs)
  File "C:\Users\PC\Documents\GitHub\AgriDjangoPortal\venv\Lib\site-packages\django\contrib\auth\decorators.py", line 25, in _wrapper_view
    resolved_login_url = resolve_url(login_url or settings.LOGIN_URL)
  File "C:\Users\PC\Documents\GitHub\AgriDjangoPortal\venv\Lib\site-packages\django\shortcuts.py", line 145, in resolve_url
    return reverse(to, args=args, kwargs=kwargs)
  File "C:\Users\PC\Documents\GitHub\AgriDjangoPortal\venv\Lib\site-packages\django\urls\base.py", line 82, in reverse
    raise NoReverseMatch("%s is not a registered namespace" % key)
django.urls.exceptions.NoReverseMatch: 'javascript' is not a registered namespace
[2025-08-19 23:12:56,285] INFO core.middleware request GET /api/notifications/ 500 user= ip=127.0.0.1 duration_ms=15
[2025-08-19 23:13:57,287] ERROR django.request Internal Server Error: /api/notifications/
Traceback (most recent call last):
  File "C:\Users\PC\Documents\GitHub\AgriDjangoPortal\venv\Lib\site-packages\django\urls\base.py", line 71, in reverse
    extra, resolver = resolver.namespace_dict[ns]
                      ~~~~~~~~~~~~~~~~~~~~~~~^^^^
KeyError: 'javascript'

During handling of the above exception, another exception occurred:

Traceback (most recent call last):
  File "C:\Users\PC\Documents\GitHub\AgriDjangoPortal\venv\Lib\site-packages\django\core\handlers\exception.py", line 55, in inner
    response = get_response(request)
  File "C:\Users\PC\Documents\GitHub\AgriDjangoPortal\venv\Lib\site-packages\django\core\handlers\base.py", line 197, in _get_response
    response = wrapped_callback(request, *callback_args, **callback_kwargs)
  File "C:\Users\PC\Documents\GitHub\AgriDjangoPortal\venv\Lib\site-packages\django\contrib\auth\decorators.py", line 25, in _wrapper_view
    resolved_login_url = resolve_url(login_url or settings.LOGIN_URL)
  File "C:\Users\PC\Documents\GitHub\AgriDjangoPortal\venv\Lib\site-packages\django\shortcuts.py", line 145, in resolve_url
    return reverse(to, args=args, kwargs=kwargs)
  File "C:\Users\PC\Documents\GitHub\AgriDjangoPortal\venv\Lib\site-packages\django\urls\base.py", line 82, in reverse
    raise NoReverseMatch("%s is not a registered namespace" % key)
django.urls.exceptions.NoReverseMatch: 'javascript' is not a registered namespace
[2025-08-19 23:13:57,289] INFO core.middleware request GET /api/notifications/ 500 user= ip=127.0.0.1 duration_ms=16
[2025-08-19 23:14:58,290] ERROR django.request Internal Server Error: /api/notifications/
Traceback (most recent call last):
  File "C:\Users\PC\Documents\GitHub\AgriDjangoPortal\venv\Lib\site-packages\django\urls\base.py", line 71, in reverse
    extra, resolver = resolver.namespace_dict[ns]
                      ~~~~~~~~~~~~~~~~~~~~~~~^^^^
KeyError: 'javascript'

During handling of the above exception, another exception occurred:

Traceback (most recent call last):
  File "C:\Users\PC\Documents\GitHub\AgriDjangoPortal\venv\Lib\site-packages\django\core\handlers\exception.py", line 55, in inner
    response = get_response(request)
  File "C:\Users\PC\Documents\GitHub\AgriDjangoPortal\venv\Lib\site-packages\django\core\handlers\base.py", line 197, in _get_response
    response = wrapped_callback(request, *callback_args, **callback_kwargs)
  File "C:\Users\PC\Documents\GitHub\AgriDjangoPortal\venv\Lib\site-packages\django\contrib\auth\decorators.py", line 25, in _wrapper_view
    resolved_login_url = resolve_url(login_url or settings.LOGIN_URL)
  File "C:\Users\PC\Documents\GitHub\AgriDjangoPortal\venv\Lib\site-packages\django\shortcuts.py", line 145, in resolve_url
    return reverse(to, args=args, kwargs=kwargs)
  File "C:\Users\PC\Documents\GitHub\AgriDjangoPortal\venv\Lib\site-packages\django\urls\base.py", line 82, in reverse
    raise NoReverseMatch("%s is not a registered namespace" % key)
django.urls.exceptions.NoReverseMatch: 'javascript' is not a registered namespace
[2025-08-19 23:14:58,292] INFO core.middleware request GET /api/notifications/ 500 user= ip=127.0.0.1 duration_ms=15
[2025-08-19 23:15:59,295] ERROR django.request Internal Server Error: /api/notifications/
Traceback (most recent call last):
  File "C:\Users\PC\Documents\GitHub\AgriDjangoPortal\venv\Lib\site-packages\django\urls\base.py", line 71, in reverse
    extra, resolver = resolver.namespace_dict[ns]
                      ~~~~~~~~~~~~~~~~~~~~~~~^^^^
KeyError: 'javascript'

During handling of the above exception, another exception occurred:

Traceback (most recent call last):
  File "C:\Users\PC\Documents\GitHub\AgriDjangoPortal\venv\Lib\site-packages\django\core\handlers\exception.py", line 55, in inner
    response = get_response(request)
  File "C:\Users\PC\Documents\GitHub\AgriDjangoPortal\venv\Lib\site-packages\django\core\handlers\base.py", line 197, in _get_response
    response = wrapped_callback(request, *callback_args, **callback_kwargs)
  File "C:\Users\PC\Documents\GitHub\AgriDjangoPortal\venv\Lib\site-packages\django\contrib\auth\decorators.py", line 25, in _wrapper_view
    resolved_login_url = resolve_url(login_url or settings.LOGIN_URL)
  File "C:\Users\PC\Documents\GitHub\AgriDjangoPortal\venv\Lib\site-packages\django\shortcuts.py", line 145, in resolve_url
    return reverse(to, args=args, kwargs=kwargs)
  File "C:\Users\PC\Documents\GitHub\AgriDjangoPortal\venv\Lib\site-packages\django\urls\base.py", line 82, in reverse
    raise NoReverseMatch("%s is not a registered namespace" % key)
django.urls.exceptions.NoReverseMatch: 'javascript' is not a registered namespace
[2025-08-19 23:15:59,297] INFO core.middleware request GET /api/notifications/ 500 user= ip=127.0.0.1 duration_ms=14
[2025-08-19 23:16:51,972] INFO django.utils.autoreload C:\Users\PC\Documents\GitHub\AgriDjangoPortal\agrostudies_project\settings.py changed, reloading.
[2025-08-19 23:16:52,467] INFO django.utils.autoreload Watching for file changes with StatReloader
[2025-08-19 23:17:00,330] ERROR django.request Internal Server Error: /api/notifications/
Traceback (most recent call last):
  File "C:\Users\PC\Documents\GitHub\AgriDjangoPortal\venv\Lib\site-packages\django\core\handlers\exception.py", line 55, in inner
    response = get_response(request)
  File "C:\Users\PC\Documents\GitHub\AgriDjangoPortal\venv\Lib\site-packages\django\core\handlers\base.py", line 197, in _get_response
    response = wrapped_callback(request, *callback_args, **callback_kwargs)
  File "C:\Users\PC\Documents\GitHub\AgriDjangoPortal\venv\Lib\site-packages\django\contrib\auth\decorators.py", line 25, in _wrapper_view
    resolved_login_url = resolve_url(login_url or settings.LOGIN_URL)
  File "C:\Users\PC\Documents\GitHub\AgriDjangoPortal\venv\Lib\site-packages\django\shortcuts.py", line 145, in resolve_url
    return reverse(to, args=args, kwargs=kwargs)
  File "C:\Users\PC\Documents\GitHub\AgriDjangoPortal\venv\Lib\site-packages\django\urls\base.py", line 88, in reverse
    return resolver._reverse_with_prefix(view, prefix, *args, **kwargs)
           ~~~~~~~~~~~~~~~~~~~~~~~~~~~~~^^^^^^^^^^^^^^^^^^^^^^^^^^^^^^^
  File "C:\Users\PC\Documents\GitHub\AgriDjangoPortal\venv\Lib\site-packages\django\urls\resolvers.py", line 828, in _reverse_with_prefix
    raise NoReverseMatch(msg)
django.urls.exceptions.NoReverseMatch: Reverse for 'auth_required' not found. 'auth_required' is not a valid view function or pattern name.
[2025-08-19 23:17:00,333] INFO core.middleware request GET /api/notifications/ 500 user= ip=127.0.0.1 duration_ms=57
[2025-08-19 23:17:09,313] INFO django.utils.autoreload C:\Users\PC\Documents\GitHub\AgriDjangoPortal\core\views.py changed, reloading.
[2025-08-19 23:17:09,766] INFO django.utils.autoreload Watching for file changes with StatReloader
[2025-08-19 23:17:19,339] INFO django.utils.autoreload C:\Users\PC\Documents\GitHub\AgriDjangoPortal\core\urls.py changed, reloading.
[2025-08-19 23:17:19,792] INFO django.utils.autoreload Watching for file changes with StatReloader
[2025-08-19 23:18:01,276] INFO core.middleware request GET /api/notifications/ 302 user= ip=127.0.0.1 duration_ms=4
[2025-08-19 23:18:01,293] INFO core.middleware request GET /auth-required/ 200 user= ip=127.0.0.1 duration_ms=14
[2025-08-19 23:18:18,615] INFO core.middleware request GET / 200 user= ip=127.0.0.1 duration_ms=1
[2025-08-19 23:18:19,498] INFO core.middleware request GET /programs/ 200 user= ip=127.0.0.1 duration_ms=2
[2025-08-19 23:18:20,688] INFO core.middleware request GET /contact/ 200 user= ip=127.0.0.1 duration_ms=1
[2025-08-19 23:18:21,711] INFO core.middleware request GET /help/ 200 user= ip=127.0.0.1 duration_ms=1
[2025-08-19 23:18:31,678] INFO core.middleware request GET /profile/ 302 user= ip=127.0.0.1 duration_ms=0
[2025-08-19 23:18:31,682] INFO core.middleware request GET /auth-required/ 200 user= ip=127.0.0.1 duration_ms=1
[2025-08-19 23:18:31,699] INFO core.middleware request GET /modal/login/ 200 user= ip=127.0.0.1 duration_ms=1
[2025-08-19 23:19:02,281] INFO core.middleware request GET /api/notifications/ 302 user= ip=127.0.0.1 duration_ms=0
[2025-08-19 23:19:02,284] INFO core.middleware request GET /auth-required/ 200 user= ip=127.0.0.1 duration_ms=1
[2025-08-19 23:20:03,277] INFO core.middleware request GET /api/notifications/ 302 user= ip=127.0.0.1 duration_ms=0
[2025-08-19 23:20:03,279] INFO core.middleware request GET /auth-required/ 200 user= ip=127.0.0.1 duration_ms=1
[2025-08-19 23:21:00,653] INFO core.middleware request GET / 200 user= ip=127.0.0.1 duration_ms=1
[2025-08-19 23:21:02,781] INFO core.middleware request GET /help/ 200 user= ip=127.0.0.1 duration_ms=0
[2025-08-19 23:21:04,275] INFO core.middleware request GET /api/notifications/ 302 user= ip=127.0.0.1 duration_ms=0
[2025-08-19 23:21:04,278] INFO core.middleware request GET /auth-required/ 200 user= ip=127.0.0.1 duration_ms=1
[2025-08-19 23:21:05,589] INFO core.middleware request GET /profile/ 302 user= ip=127.0.0.1 duration_ms=0
[2025-08-19 23:21:05,593] INFO core.middleware request GET /auth-required/ 200 user= ip=127.0.0.1 duration_ms=1
[2025-08-19 23:21:05,609] INFO core.middleware request GET /modal/login/ 200 user= ip=127.0.0.1 duration_ms=0
[2025-08-19 23:21:18,111] INFO core.middleware request GET /help/ 200 user= ip=127.0.0.1 duration_ms=0
[2025-08-19 23:21:19,702] INFO core.middleware request GET /programs/ 200 user= ip=127.0.0.1 duration_ms=1
[2025-08-19 23:21:23,264] INFO core.middleware request GET /modal/login/ 200 user= ip=127.0.0.1 duration_ms=0
[2025-08-19 23:21:26,567] INFO core.middleware request GET / 200 user= ip=127.0.0.1 duration_ms=1
[2025-08-19 23:22:05,276] INFO core.middleware request GET /api/notifications/ 302 user= ip=127.0.0.1 duration_ms=0
[2025-08-19 23:22:05,278] INFO core.middleware request GET /auth-required/ 200 user= ip=127.0.0.1 duration_ms=1
[2025-08-19 23:23:06,269] INFO core.middleware request GET /api/notifications/ 302 user= ip=127.0.0.1 duration_ms=0
[2025-08-19 23:23:06,272] INFO core.middleware request GET /auth-required/ 200 user= ip=127.0.0.1 duration_ms=1
[2025-08-19 23:24:07,272] INFO core.middleware request GET /api/notifications/ 302 user= ip=127.0.0.1 duration_ms=0
[2025-08-19 23:24:07,274] INFO core.middleware request GET /auth-required/ 200 user= ip=127.0.0.1 duration_ms=1
[2025-08-19 23:24:17,040] INFO core.middleware request GET /modal/login/ 200 user= ip=127.0.0.1 duration_ms=0
[2025-08-19 23:24:22,182] INFO core.middleware request POST /api/ajax-login/ 200 user=admin ip=127.0.0.1 duration_ms=517
[2025-08-19 23:24:22,716] INFO core.middleware request GET / 200 user=admin ip=127.0.0.1 duration_ms=8
[2025-08-19 23:24:24,064] INFO core.middleware request GET /admin/ 200 user=admin ip=127.0.0.1 duration_ms=18
[2025-08-19 23:24:28,248] INFO core.middleware request GET /admin/core/activitylog/ 200 user=admin ip=127.0.0.1 duration_ms=26
[2025-08-19 23:24:28,267] INFO core.middleware request GET /admin/jsi18n/ 200 user=admin ip=127.0.0.1 duration_ms=2
[2025-08-19 23:25:08,281] INFO core.middleware request GET /api/notifications/ 200 user=admin ip=127.0.0.1 duration_ms=1
[2025-08-19 23:26:09,272] INFO core.middleware request GET /api/notifications/ 200 user=admin ip=127.0.0.1 duration_ms=1
[2025-08-19 23:26:10,277] INFO django.utils.autoreload C:\Users\PC\Documents\GitHub\AgriDjangoPortal\core\admin.py changed, reloading.
[2025-08-19 23:26:10,737] INFO django.utils.autoreload Watching for file changes with StatReloader
[2025-08-19 23:26:59,489] INFO core.middleware request GET /admin/ 200 user=admin ip=127.0.0.1 duration_ms=36
[2025-08-19 23:27:02,408] INFO core.middleware request GET /admin/core/activitylog/ 200 user=admin ip=127.0.0.1 duration_ms=26
[2025-08-19 23:27:02,423] INFO core.middleware request GET /admin/jsi18n/ 200 user=admin ip=127.0.0.1 duration_ms=1
[2025-08-19 23:27:10,269] INFO core.middleware request GET /api/notifications/ 200 user=admin ip=127.0.0.1 duration_ms=1
[2025-08-19 23:27:17,887] INFO core.middleware request GET /admin/core/activitylog/add/ 200 user=admin ip=127.0.0.1 duration_ms=46
[2025-08-19 23:27:17,902] INFO core.middleware request GET /admin/jsi18n/ 200 user=admin ip=127.0.0.1 duration_ms=3
[2025-08-19 23:27:24,547] INFO core.middleware request GET /admin/core/activitylog/ 200 user=admin ip=127.0.0.1 duration_ms=16
[2025-08-19 23:28:11,274] INFO core.middleware request GET /api/notifications/ 200 user=admin ip=127.0.0.1 duration_ms=1
[2025-08-19 23:29:12,280] INFO core.middleware request GET /api/notifications/ 200 user=admin ip=127.0.0.1 duration_ms=1
[2025-08-19 23:29:39,533] INFO django.utils.autoreload C:\Users\PC\Documents\GitHub\AgriDjangoPortal\core\admin.py changed, reloading.
[2025-08-19 23:29:40,015] INFO django.utils.autoreload Watching for file changes with StatReloader
[2025-08-19 23:30:13,284] INFO core.middleware request GET /api/notifications/ 200 user=admin ip=127.0.0.1 duration_ms=3
[2025-08-19 23:30:57,209] INFO core.middleware request GET /admin/ 200 user=admin ip=127.0.0.1 duration_ms=36
[2025-08-19 23:30:59,527] ERROR django.request Internal Server Error: /admin/core/activitylog/
Traceback (most recent call last):
  File "C:\Users\PC\Documents\GitHub\AgriDjangoPortal\venv\Lib\site-packages\django\core\handlers\exception.py", line 55, in inner
    response = get_response(request)
  File "C:\Users\PC\Documents\GitHub\AgriDjangoPortal\venv\Lib\site-packages\django\core\handlers\base.py", line 197, in _get_response
    response = wrapped_callback(request, *callback_args, **callback_kwargs)
  File "C:\Users\PC\Documents\GitHub\AgriDjangoPortal\venv\Lib\site-packages\django\contrib\admin\options.py", line 688, in wrapper
    return self.admin_site.admin_view(view)(*args, **kwargs)
           ~~~~~~~~~~~~~~~~~~~~~~~~~~~~~~~~^^^^^^^^^^^^^^^^^
  File "C:\Users\PC\Documents\GitHub\AgriDjangoPortal\venv\Lib\site-packages\django\utils\decorators.py", line 134, in _wrapper_view
    response = view_func(request, *args, **kwargs)
  File "C:\Users\PC\Documents\GitHub\AgriDjangoPortal\venv\Lib\site-packages\django\views\decorators\cache.py", line 62, in _wrapper_view_func
    response = view_func(request, *args, **kwargs)
  File "C:\Users\PC\Documents\GitHub\AgriDjangoPortal\venv\Lib\site-packages\django\contrib\admin\sites.py", line 242, in inner
    return view(request, *args, **kwargs)
  File "C:\Users\PC\Documents\GitHub\AgriDjangoPortal\core\admin.py", line 99, in changelist_view
    extra_context['run_backup_url'] = reverse('core_activitylog_run_backup')
                                      ~~~~~~~^^^^^^^^^^^^^^^^^^^^^^^^^^^^^^^
  File "C:\Users\PC\Documents\GitHub\AgriDjangoPortal\venv\Lib\site-packages\django\urls\base.py", line 88, in reverse
    return resolver._reverse_with_prefix(view, prefix, *args, **kwargs)
           ~~~~~~~~~~~~~~~~~~~~~~~~~~~~~^^^^^^^^^^^^^^^^^^^^^^^^^^^^^^^
  File "C:\Users\PC\Documents\GitHub\AgriDjangoPortal\venv\Lib\site-packages\django\urls\resolvers.py", line 828, in _reverse_with_prefix
    raise NoReverseMatch(msg)
django.urls.exceptions.NoReverseMatch: Reverse for 'core_activitylog_run_backup' not found. 'core_activitylog_run_backup' is not a valid view function or pattern name.
[2025-08-19 23:30:59,530] INFO core.middleware request GET /admin/core/activitylog/ 500 user=admin ip=127.0.0.1 duration_ms=55
[2025-08-19 23:31:14,278] INFO core.middleware request GET /api/notifications/ 200 user=admin ip=127.0.0.1 duration_ms=1
[2025-08-19 23:31:27,936] INFO django.utils.autoreload C:\Users\PC\Documents\GitHub\AgriDjangoPortal\core\admin.py changed, reloading.
[2025-08-19 23:31:28,425] INFO django.utils.autoreload Watching for file changes with StatReloader
[2025-08-19 23:31:57,956] INFO core.middleware request GET /admin/ 200 user=admin ip=127.0.0.1 duration_ms=36
[2025-08-19 23:32:00,289] INFO core.middleware request GET /admin/ 200 user=admin ip=127.0.0.1 duration_ms=6
[2025-08-19 23:32:01,592] INFO core.middleware request GET /admin/core/activitylog/ 200 user=admin ip=127.0.0.1 duration_ms=27
[2025-08-19 23:32:01,612] INFO core.middleware request GET /admin/jsi18n/ 200 user=admin ip=127.0.0.1 duration_ms=7
[2025-08-19 23:32:10,210] INFO core.middleware request POST /admin/core/activitylog/run-backup/ 302 user=admin ip=127.0.0.1 duration_ms=30
[2025-08-19 23:32:10,230] INFO core.middleware request GET /admin/core/activitylog/ 200 user=admin ip=127.0.0.1 duration_ms=17
[2025-08-19 23:32:10,245] INFO core.middleware request GET /admin/jsi18n/ 200 user=admin ip=127.0.0.1 duration_ms=1
[2025-08-19 23:32:15,282] INFO core.middleware request GET /api/notifications/ 200 user=admin ip=127.0.0.1 duration_ms=1
[2025-08-19 23:33:16,277] INFO core.middleware request GET /api/notifications/ 200 user=admin ip=127.0.0.1 duration_ms=1
[2025-08-19 23:33:18,049] INFO core.middleware request GET /admin/core/activitylog/ 200 user=admin ip=127.0.0.1 duration_ms=15
[2025-08-19 23:33:18,062] INFO core.middleware request GET /admin/jsi18n/ 200 user=admin ip=127.0.0.1 duration_ms=1
[2025-08-19 23:34:17,274] INFO core.middleware request GET /api/notifications/ 200 user=admin ip=127.0.0.1 duration_ms=1
[2025-08-19 23:35:06,782] INFO core.middleware request GET /admin/core/activitylog/ 200 user=admin ip=127.0.0.1 duration_ms=27
[2025-08-19 23:35:06,792] INFO core.middleware request GET /admin/jsi18n/ 200 user=admin ip=127.0.0.1 duration_ms=1
[2025-08-19 23:35:18,271] INFO core.middleware request GET /api/notifications/ 200 user=admin ip=127.0.0.1 duration_ms=2
[2025-08-19 23:36:18,279] INFO core.middleware request GET /api/notifications/ 200 user=admin ip=127.0.0.1 duration_ms=1
[2025-08-19 23:37:18,284] INFO core.middleware request GET /api/notifications/ 200 user=admin ip=127.0.0.1 duration_ms=1
[2025-08-19 23:37:50,024] INFO django.utils.autoreload C:\Users\PC\Documents\GitHub\AgriDjangoPortal\core\urls.py changed, reloading.
[2025-08-19 23:37:50,482] INFO django.utils.autoreload Watching for file changes with StatReloader
[2025-08-19 23:38:16,381] INFO django.utils.autoreload C:\Users\PC\Documents\GitHub\AgriDjangoPortal\core\admin.py changed, reloading.
[2025-08-19 23:38:16,833] INFO django.utils.autoreload Watching for file changes with StatReloader
[2025-08-19 23:38:18,277] INFO core.middleware request GET /api/notifications/ 200 user=admin ip=127.0.0.1 duration_ms=4
[2025-08-19 23:39:18,271] INFO core.middleware request GET /api/notifications/ 200 user=admin ip=127.0.0.1 duration_ms=1
[2025-08-19 23:40:18,279] INFO core.middleware request GET /api/notifications/ 200 user=admin ip=127.0.0.1 duration_ms=2
[2025-08-19 23:41:18,272] INFO core.middleware request GET /api/notifications/ 200 user=admin ip=127.0.0.1 duration_ms=1
[2025-08-19 23:42:18,283] INFO core.middleware request GET /api/notifications/ 200 user=admin ip=127.0.0.1 duration_ms=1
[2025-08-19 23:42:54,920] INFO core.middleware request GET /admin/ 200 user=admin ip=127.0.0.1 duration_ms=37
[2025-08-19 23:42:58,049] INFO core.middleware request GET / 200 user=admin ip=127.0.0.1 duration_ms=4
[2025-08-19 23:43:00,864] INFO core.middleware request GET /api/notifications/ 200 user=admin ip=127.0.0.1 duration_ms=1
[2025-08-19 23:43:13,687] INFO core.middleware request GET /programs/ 200 user=admin ip=127.0.0.1 duration_ms=4
[2025-08-19 23:43:18,280] INFO core.middleware request GET /api/notifications/ 200 user=admin ip=127.0.0.1 duration_ms=1
[2025-08-19 23:43:20,039] INFO core.middleware request GET / 200 user=admin ip=127.0.0.1 duration_ms=3
[2025-08-19 23:43:20,773] INFO core.middleware request GET / 200 user=admin ip=127.0.0.1 duration_ms=3
[2025-08-19 23:43:21,365] INFO core.middleware request GET / 200 user=admin ip=127.0.0.1 duration_ms=2
[2025-08-19 23:43:22,021] INFO core.middleware request GET / 200 user=admin ip=127.0.0.1 duration_ms=2
[2025-08-19 23:43:22,365] INFO core.middleware request GET / 200 user=admin ip=127.0.0.1 duration_ms=2
[2025-08-19 23:43:22,669] INFO core.middleware request GET / 200 user=admin ip=127.0.0.1 duration_ms=3
[2025-08-19 23:43:22,981] INFO core.middleware request GET / 200 user=admin ip=127.0.0.1 duration_ms=2
[2025-08-19 23:43:23,485] INFO core.middleware request GET / 200 user=admin ip=127.0.0.1 duration_ms=2
[2025-08-19 23:43:23,805] INFO core.middleware request GET / 200 user=admin ip=127.0.0.1 duration_ms=3
[2025-08-19 23:43:29,247] INFO core.middleware request GET /contact/ 200 user=admin ip=127.0.0.1 duration_ms=2
[2025-08-19 23:43:52,074] INFO core.middleware request GET /logout/ 302 user= ip=127.0.0.1 duration_ms=37
[2025-08-19 23:43:52,078] INFO core.middleware request GET / 200 user= ip=127.0.0.1 duration_ms=1
[2025-08-19 23:43:52,927] INFO core.middleware request GET /modal/login/ 200 user= ip=127.0.0.1 duration_ms=1
[2025-08-19 23:44:03,085] INFO core.middleware request POST /api/ajax-login/ 200 user=kamotegang ip=127.0.0.1 duration_ms=645
[2025-08-19 23:44:03,613] INFO core.middleware request GET / 200 user=kamotegang ip=127.0.0.1 duration_ms=2
[2025-08-19 23:44:05,040] INFO core.middleware request GET /api/notifications/ 200 user=kamotegang ip=127.0.0.1 duration_ms=1
[2025-08-19 23:44:07,858] INFO core.middleware request POST /notifications/28/mark-read/ 200 user=kamotegang ip=127.0.0.1 duration_ms=37
[2025-08-19 23:44:07,869] INFO core.middleware request GET /candidates/5/ 302 user=kamotegang ip=127.0.0.1 duration_ms=1
[2025-08-19 23:44:07,875] INFO core.middleware request GET / 200 user=kamotegang ip=127.0.0.1 duration_ms=2
[2025-08-19 23:44:11,207] INFO core.middleware request GET /api/notifications/ 200 user=kamotegang ip=127.0.0.1 duration_ms=1
[2025-08-19 23:44:14,111] INFO core.middleware request GET /notifications/28/mark-read/ 302 user=kamotegang ip=127.0.0.1 duration_ms=27
[2025-08-19 23:44:14,114] INFO core.middleware request GET /candidates/5/ 302 user=kamotegang ip=127.0.0.1 duration_ms=1
[2025-08-19 23:44:14,118] INFO core.middleware request GET / 200 user=kamotegang ip=127.0.0.1 duration_ms=2
[2025-08-19 23:44:15,015] INFO core.middleware request GET /api/notifications/ 200 user=kamotegang ip=127.0.0.1 duration_ms=1
[2025-08-19 23:44:17,098] INFO core.middleware request POST /notifications/25/mark-read/ 200 user=kamotegang ip=127.0.0.1 duration_ms=276
[2025-08-19 23:44:17,108] INFO core.middleware request GET / 200 user=kamotegang ip=127.0.0.1 duration_ms=3
[2025-08-19 23:44:18,271] INFO core.middleware request GET /api/notifications/ 200 user=kamotegang ip=127.0.0.1 duration_ms=1
[2025-08-19 23:44:18,905] INFO core.middleware request GET /profile/ 200 user=kamotegang ip=127.0.0.1 duration_ms=21
[2025-08-19 23:44:33,508] INFO core.middleware request POST /profile/ 302 user=kamotegang ip=127.0.0.1 duration_ms=104
[2025-08-19 23:44:33,517] INFO core.middleware request GET /profile/ 200 user=kamotegang ip=127.0.0.1 duration_ms=6
[2025-08-19 23:44:46,622] INFO core.middleware request POST /profile/ 302 user=kamotegang ip=127.0.0.1 duration_ms=98
[2025-08-19 23:44:46,631] INFO core.middleware request GET /profile/ 200 user=kamotegang ip=127.0.0.1 duration_ms=7
[2025-08-19 23:44:52,175] INFO core.middleware request GET /api/notifications/ 200 user=kamotegang ip=127.0.0.1 duration_ms=1
[2025-08-19 23:44:55,649] INFO core.middleware request GET /notifications/mark-all-read/ 302 user=kamotegang ip=127.0.0.1 duration_ms=14
[2025-08-19 23:44:55,657] INFO core.middleware request GET /notifications/ 200 user=kamotegang ip=127.0.0.1 duration_ms=5
[2025-08-19 23:44:59,253] INFO core.middleware request GET /contact/ 200 user=kamotegang ip=127.0.0.1 duration_ms=2
[2025-08-19 23:45:18,272] INFO core.middleware request GET /api/notifications/ 200 user=kamotegang ip=127.0.0.1 duration_ms=1
[2025-08-19 23:45:24,853] INFO core.middleware request GET / 200 user=kamotegang ip=127.0.0.1 duration_ms=2
[2025-08-19 23:45:28,349] INFO core.middleware request GET /contact/ 200 user=kamotegang ip=127.0.0.1 duration_ms=2
[2025-08-19 23:46:18,276] INFO core.middleware request GET /api/notifications/ 200 user=kamotegang ip=127.0.0.1 duration_ms=1
[2025-08-19 23:46:28,367] INFO core.middleware request GET /api/notifications/ 200 user=kamotegang ip=127.0.0.1 duration_ms=1
[2025-08-19 23:47:18,281] INFO core.middleware request GET /api/notifications/ 200 user=kamotegang ip=127.0.0.1 duration_ms=1
[2025-08-19 23:47:29,280] INFO core.middleware request GET /api/notifications/ 200 user=kamotegang ip=127.0.0.1 duration_ms=2
[2025-08-19 23:48:18,282] INFO core.middleware request GET /api/notifications/ 200 user=kamotegang ip=127.0.0.1 duration_ms=2
[2025-08-19 23:48:29,276] INFO core.middleware request GET /api/notifications/ 200 user=kamotegang ip=127.0.0.1 duration_ms=2
[2025-08-19 23:48:43,734] INFO core.middleware request GET / 200 user=kamotegang ip=127.0.0.1 duration_ms=6
[2025-08-22 02:05:34,258] INFO django.utils.autoreload Watching for file changes with StatReloader
[2025-08-22 02:20:44,202] INFO django.utils.autoreload D:\Lib\site-packages\django\apps\config.py changed, reloading.
[2025-08-22 02:22:34,387] INFO django.utils.autoreload Watching for file changes with StatReloader
[2025-08-22 02:23:00,206] INFO core.middleware request GET / 200 user= ip=127.0.0.1 duration_ms=73
[2025-08-22 02:23:00,986] INFO core.middleware request GET /favicon.ico 404 user= ip=127.0.0.1 duration_ms=243
[2025-08-22 02:23:01,054] WARNING django.request Not Found: /favicon.ico
[2025-08-22 02:30:35,206] INFO core.middleware request GET /modal/login/ 200 user= ip=127.0.0.1 duration_ms=9
[2025-08-22 02:30:42,005] INFO core.middleware request POST /api/ajax-login/ 200 user=admin ip=127.0.0.1 duration_ms=1246
[2025-08-22 02:30:42,658] INFO core.middleware request GET / 200 user=admin ip=127.0.0.1 duration_ms=124
[2025-08-22 02:30:44,792] INFO core.middleware request GET /programs/ 200 user=admin ip=127.0.0.1 duration_ms=65
[2025-08-22 02:30:50,106] INFO core.middleware request GET /programs/2/ 200 user=admin ip=127.0.0.1 duration_ms=132
[2025-08-22 02:30:52,118] INFO core.middleware request GET /programs/2/registrants/ 200 user=admin ip=127.0.0.1 duration_ms=32
[2025-08-22 02:30:56,929] INFO core.middleware request GET /candidates/5/ 200 user=admin ip=127.0.0.1 duration_ms=1991
[2025-08-22 02:31:57,192] INFO core.middleware request GET /api/notifications/ 200 user=admin ip=127.0.0.1 duration_ms=4
[2025-08-22 02:32:35,254] INFO core.middleware request GET /programs/ 200 user=admin ip=127.0.0.1 duration_ms=9
[2025-08-22 02:32:37,520] INFO core.middleware request GET /programs/2/ 200 user=admin ip=127.0.0.1 duration_ms=7
[2025-08-22 02:33:38,196] INFO core.middleware request GET /api/notifications/ 200 user=admin ip=127.0.0.1 duration_ms=5
[2025-08-22 02:34:38,200] INFO core.middleware request GET /api/notifications/ 200 user=admin ip=127.0.0.1 duration_ms=7
[2025-08-22 02:34:45,648] INFO django.utils.autoreload C:\Users\lenovo\Desktop\AgriDjangoPortal\AgriDjangoPortal\core\views.py changed, reloading.
[2025-08-22 02:34:49,620] INFO django.utils.autoreload Watching for file changes with StatReloader
[2025-08-22 02:35:38,295] INFO core.middleware request GET /api/notifications/ 200 user=admin ip=127.0.0.1 duration_ms=6
[2025-08-22 02:36:25,339] INFO django.utils.autoreload C:\Users\lenovo\Desktop\AgriDjangoPortal\AgriDjangoPortal\core\urls.py changed, reloading.
[2025-08-22 02:36:27,980] INFO django.utils.autoreload Watching for file changes with StatReloader
[2025-08-22 02:36:38,251] INFO core.middleware request GET /api/notifications/ 200 user=admin ip=127.0.0.1 duration_ms=7
[2025-08-22 02:37:01,441] INFO django.utils.autoreload C:\Users\lenovo\Desktop\AgriDjangoPortal\AgriDjangoPortal\core\views.py changed, reloading.
[2025-08-22 02:37:03,552] INFO django.utils.autoreload Watching for file changes with StatReloader
[2025-08-22 02:37:52,282] INFO django.utils.autoreload C:\Users\lenovo\Desktop\AgriDjangoPortal\AgriDjangoPortal\core\views.py changed, reloading.
[2025-08-22 02:37:54,816] INFO django.utils.autoreload Watching for file changes with StatReloader
[2025-08-22 02:38:38,207] INFO core.middleware request GET /api/notifications/ 200 user=admin ip=127.0.0.1 duration_ms=6
[2025-08-22 02:39:38,431] INFO core.middleware request GET /api/notifications/ 200 user=admin ip=127.0.0.1 duration_ms=8
[2025-08-22 02:40:39,199] INFO core.middleware request GET /api/notifications/ 200 user=admin ip=127.0.0.1 duration_ms=3
[2025-08-22 02:41:38,470] INFO core.middleware request GET /api/notifications/ 200 user=admin ip=127.0.0.1 duration_ms=5
[2025-08-22 02:42:39,197] INFO core.middleware request GET /api/notifications/ 200 user=admin ip=127.0.0.1 duration_ms=4
[2025-08-22 02:43:28,474] INFO core.middleware request GET /programs/2/registrants/ 200 user=admin ip=127.0.0.1 duration_ms=544
[2025-08-22 02:43:32,082] INFO core.middleware request GET /candidates/ 200 user=admin ip=127.0.0.1 duration_ms=525
[2025-08-22 02:43:36,198] INFO core.middleware request GET /programs/ 200 user=admin ip=127.0.0.1 duration_ms=184
[2025-08-22 02:43:38,811] INFO core.middleware request GET /programs/2/ 200 user=admin ip=127.0.0.1 duration_ms=42
[2025-08-22 02:43:40,728] INFO core.middleware request GET /programs/2/registrants/ 200 user=admin ip=127.0.0.1 duration_ms=217
[2025-08-22 02:43:45,560] INFO core.middleware request GET /candidates/5/ 200 user=admin ip=127.0.0.1 duration_ms=2421
[2025-08-22 02:44:09,878] INFO core.middleware request GET /candidates/ 200 user=admin ip=127.0.0.1 duration_ms=928
[2025-08-22 02:44:18,981] INFO core.middleware request GET / 200 user=admin ip=127.0.0.1 duration_ms=10
[2025-08-22 02:45:19,204] INFO core.middleware request GET /api/notifications/ 200 user=admin ip=127.0.0.1 duration_ms=4
[2025-08-22 02:46:19,192] INFO core.middleware request GET /api/notifications/ 200 user=admin ip=127.0.0.1 duration_ms=4
[2025-08-22 02:47:19,189] INFO core.middleware request GET /api/notifications/ 200 user=admin ip=127.0.0.1 duration_ms=3
[2025-08-22 02:48:19,192] INFO core.middleware request GET /api/notifications/ 200 user=admin ip=127.0.0.1 duration_ms=4
[2025-08-22 02:49:19,201] INFO core.middleware request GET /api/notifications/ 200 user=admin ip=127.0.0.1 duration_ms=5
[2025-08-22 02:50:19,195] INFO core.middleware request GET /api/notifications/ 200 user=admin ip=127.0.0.1 duration_ms=5
[2025-08-22 02:50:21,907] INFO core.middleware request GET /programs/ 200 user=admin ip=127.0.0.1 duration_ms=37
[2025-08-22 02:50:46,718] INFO core.middleware request GET /admin/ 200 user=admin ip=127.0.0.1 duration_ms=13403
[2025-08-22 02:50:54,354] INFO core.middleware request GET /admin/core/activitylog/ 200 user=admin ip=127.0.0.1 duration_ms=3712
[2025-08-22 02:50:55,344] INFO core.middleware request GET /admin/jsi18n/ 200 user=admin ip=127.0.0.1 duration_ms=913
[2025-08-22 02:51:03,514] INFO core.middleware request POST /admin/core/activitylog/run-backup/ 302 user=admin ip=127.0.0.1 duration_ms=819
[2025-08-22 02:51:03,627] INFO core.middleware request GET /admin/core/activitylog/ 200 user=admin ip=127.0.0.1 duration_ms=41
[2025-08-22 02:51:03,653] INFO core.middleware request GET /admin/jsi18n/ 200 user=admin ip=127.0.0.1 duration_ms=2
[2025-08-22 02:51:18,684] INFO core.middleware request GET /admin/core/agricultureprogram/add/ 200 user=admin ip=127.0.0.1 duration_ms=948
[2025-08-22 02:51:18,746] INFO core.middleware request GET /admin/jsi18n/ 200 user=admin ip=127.0.0.1 duration_ms=5
[2025-08-22 02:51:52,396] INFO core.middleware request POST /admin/core/agricultureprogram/add/ 302 user=admin ip=127.0.0.1 duration_ms=277
[2025-08-22 02:51:52,826] INFO core.middleware request GET /admin/core/agricultureprogram/ 200 user=admin ip=127.0.0.1 duration_ms=398
[2025-08-22 02:51:52,896] INFO core.middleware request GET /admin/jsi18n/ 200 user=admin ip=127.0.0.1 duration_ms=26
[2025-08-22 02:51:55,637] INFO core.middleware request GET / 200 user=admin ip=127.0.0.1 duration_ms=5
[2025-08-22 02:51:57,393] INFO core.middleware request GET /programs/ 200 user=admin ip=127.0.0.1 duration_ms=6
[2025-08-22 02:52:01,132] INFO core.middleware request GET /logout/ 302 user= ip=127.0.0.1 duration_ms=35
[2025-08-22 02:52:01,259] INFO core.middleware request GET / 200 user= ip=127.0.0.1 duration_ms=2
[2025-08-22 02:52:02,716] INFO core.middleware request GET /modal/login/ 200 user= ip=127.0.0.1 duration_ms=2
[2025-08-22 02:52:19,255] INFO core.middleware request POST /api/ajax-login/ 200 user=kamotegang ip=127.0.0.1 duration_ms=1076
[2025-08-22 02:52:19,793] INFO core.middleware request GET / 200 user=kamotegang ip=127.0.0.1 duration_ms=6
[2025-08-22 02:52:22,524] INFO core.middleware request GET /programs/ 200 user=kamotegang ip=127.0.0.1 duration_ms=80
[2025-08-22 02:52:25,906] INFO core.middleware request GET /programs/3/ 200 user=kamotegang ip=127.0.0.1 duration_ms=124
[2025-08-22 02:52:31,940] INFO core.middleware request GET /programs/ 200 user=kamotegang ip=127.0.0.1 duration_ms=13
[2025-08-22 02:52:34,524] INFO core.middleware request GET /profile/ 200 user=kamotegang ip=127.0.0.1 duration_ms=138
[2025-08-22 02:52:57,004] INFO core.middleware request GET / 200 user= ip=127.0.0.1 duration_ms=3
[2025-08-22 02:52:59,144] INFO core.middleware request GET /modal/login/ 200 user= ip=127.0.0.1 duration_ms=9
[2025-08-22 02:53:10,101] INFO core.middleware request POST /api/ajax-login/ 200 user=admin ip=127.0.0.1 duration_ms=4587
[2025-08-22 02:53:10,737] INFO core.middleware request GET / 200 user=admin ip=127.0.0.1 duration_ms=6
[2025-08-22 02:53:16,235] INFO core.middleware request GET /candidates/ 200 user=admin ip=127.0.0.1 duration_ms=290
[2025-08-22 02:53:20,728] INFO core.middleware request GET /programs/ 200 user=admin ip=127.0.0.1 duration_ms=4
[2025-08-22 02:53:25,129] INFO core.middleware request GET /programs/2/ 200 user=admin ip=127.0.0.1 duration_ms=10
[2025-08-22 02:53:26,961] INFO core.middleware request GET /programs/2/registrants/ 200 user=admin ip=127.0.0.1 duration_ms=10
[2025-08-22 02:53:29,167] INFO core.middleware request GET /candidates/5/ 200 user=admin ip=127.0.0.1 duration_ms=10
[2025-08-22 02:53:31,893] INFO core.middleware request GET /candidates/5/edit/ 200 user=admin ip=127.0.0.1 duration_ms=136
[2025-08-22 02:53:36,692] INFO core.middleware request GET /candidates/5/delete/ 200 user=admin ip=127.0.0.1 duration_ms=159
[2025-08-22 02:53:36,773] INFO core.middleware request GET /api/notifications/ 200 user=kamotegang ip=127.0.0.1 duration_ms=9
[2025-08-22 02:53:39,494] INFO core.middleware request POST /candidates/5/delete/ 302 user=admin ip=127.0.0.1 duration_ms=36
[2025-08-22 02:53:39,511] INFO core.middleware request GET /candidates/ 200 user=admin ip=127.0.0.1 duration_ms=13
[2025-08-22 02:53:46,464] INFO core.middleware request GET /profile/ 200 user=kamotegang ip=127.0.0.1 duration_ms=11
[2025-08-22 02:53:49,121] INFO core.middleware request GET /programs/ 200 user=kamotegang ip=127.0.0.1 duration_ms=9
[2025-08-22 02:53:53,183] INFO core.middleware request GET /programs/3/apply/ 302 user=kamotegang ip=127.0.0.1 duration_ms=5
[2025-08-22 02:53:53,195] INFO core.middleware request GET /programs/3/ 200 user=kamotegang ip=127.0.0.1 duration_ms=7
[2025-08-22 02:53:55,172] INFO core.middleware request GET /programs/3/apply/ 302 user=kamotegang ip=127.0.0.1 duration_ms=2
[2025-08-22 02:53:55,187] INFO core.middleware request GET /programs/3/ 200 user=kamotegang ip=127.0.0.1 duration_ms=9
[2025-08-22 02:53:58,110] INFO core.middleware request GET /programs/3/apply/ 302 user=kamotegang ip=127.0.0.1 duration_ms=2
[2025-08-22 02:53:58,125] INFO core.middleware request GET /programs/3/ 200 user=kamotegang ip=127.0.0.1 duration_ms=8
[2025-08-22 02:53:58,874] INFO core.middleware request GET /programs/3/apply/ 302 user=kamotegang ip=127.0.0.1 duration_ms=2
[2025-08-22 02:53:58,888] INFO core.middleware request GET /programs/3/ 200 user=kamotegang ip=127.0.0.1 duration_ms=7
[2025-08-22 02:54:40,193] INFO core.middleware request GET /api/notifications/ 200 user=admin ip=127.0.0.1 duration_ms=3
[2025-08-22 02:54:59,232] INFO core.middleware request GET /api/notifications/ 200 user=kamotegang ip=127.0.0.1 duration_ms=3
[2025-08-22 02:55:40,407] INFO core.middleware request GET /api/notifications/ 200 user=admin ip=127.0.0.1 duration_ms=149
[2025-08-22 02:55:59,194] INFO core.middleware request GET /api/notifications/ 200 user=kamotegang ip=127.0.0.1 duration_ms=6
[2025-08-22 02:56:40,244] INFO core.middleware request GET /api/notifications/ 200 user=admin ip=127.0.0.1 duration_ms=20
[2025-08-22 02:56:59,204] INFO core.middleware request GET /api/notifications/ 200 user=kamotegang ip=127.0.0.1 duration_ms=4
[2025-08-22 02:57:40,247] INFO core.middleware request GET /api/notifications/ 200 user=admin ip=127.0.0.1 duration_ms=61
[2025-08-22 02:57:59,272] INFO core.middleware request GET /api/notifications/ 200 user=kamotegang ip=127.0.0.1 duration_ms=63
[2025-08-22 02:58:40,198] INFO core.middleware request GET /api/notifications/ 200 user=admin ip=127.0.0.1 duration_ms=3
[2025-08-22 02:58:59,195] INFO core.middleware request GET /api/notifications/ 200 user=kamotegang ip=127.0.0.1 duration_ms=5
[2025-08-22 02:59:12,912] INFO django.utils.autoreload C:\Users\lenovo\Desktop\AgriDjangoPortal\AgriDjangoPortal\core\views.py changed, reloading.
[2025-08-22 02:59:21,233] INFO django.utils.autoreload Watching for file changes with StatReloader
[2025-08-22 02:59:40,956] INFO core.middleware request GET /api/notifications/ 200 user=admin ip=127.0.0.1 duration_ms=55
[2025-08-22 02:59:59,202] INFO core.middleware request GET /api/notifications/ 200 user=kamotegang ip=127.0.0.1 duration_ms=6
[2025-08-22 03:00:40,195] INFO core.middleware request GET /api/notifications/ 200 user=admin ip=127.0.0.1 duration_ms=3
[2025-08-22 03:00:59,197] INFO core.middleware request GET /api/notifications/ 200 user=kamotegang ip=127.0.0.1 duration_ms=3
[2025-08-22 03:01:19,569] INFO core.middleware request GET / 200 user=kamotegang ip=127.0.0.1 duration_ms=79
[2025-08-22 03:01:21,047] INFO core.middleware request GET /programs/ 200 user=kamotegang ip=127.0.0.1 duration_ms=376
[2025-08-22 03:01:23,915] INFO core.middleware request GET /programs/3/apply/ 302 user=kamotegang ip=127.0.0.1 duration_ms=3
[2025-08-22 03:01:23,932] INFO core.middleware request GET /programs/3/ 200 user=kamotegang ip=127.0.0.1 duration_ms=9
[2025-08-22 03:01:26,539] INFO core.middleware request GET /programs/3/apply/ 302 user=kamotegang ip=127.0.0.1 duration_ms=3
[2025-08-22 03:01:26,569] INFO core.middleware request GET /programs/3/ 200 user=kamotegang ip=127.0.0.1 duration_ms=18
[2025-08-22 03:01:40,206] INFO core.middleware request GET /api/notifications/ 200 user=admin ip=127.0.0.1 duration_ms=4
[2025-08-22 03:02:26,616] INFO core.middleware request GET /api/notifications/ 200 user=kamotegang ip=127.0.0.1 duration_ms=6
[2025-08-22 03:02:28,377] INFO core.middleware request GET /help/ 200 user=kamotegang ip=127.0.0.1 duration_ms=432
[2025-08-22 03:02:41,191] INFO core.middleware request GET /api/notifications/ 200 user=admin ip=127.0.0.1 duration_ms=4
[2025-08-22 03:03:30,482] INFO core.middleware request GET /api/notifications/ 200 user=kamotegang ip=127.0.0.1 duration_ms=306
[2025-08-22 03:03:42,205] INFO core.middleware request GET /api/notifications/ 200 user=admin ip=127.0.0.1 duration_ms=4
[2025-08-22 03:04:30,045] INFO core.middleware request GET /api/notifications/ 200 user=kamotegang ip=127.0.0.1 duration_ms=57
[2025-08-22 03:04:43,713] INFO core.middleware request GET /api/notifications/ 200 user=admin ip=127.0.0.1 duration_ms=472
[2025-08-22 03:05:29,202] INFO core.middleware request GET /api/notifications/ 200 user=kamotegang ip=127.0.0.1 duration_ms=3
[2025-08-22 03:05:44,254] INFO core.middleware request GET /api/notifications/ 200 user=admin ip=127.0.0.1 duration_ms=6
[2025-08-22 03:06:29,838] INFO core.middleware request GET /api/notifications/ 200 user=kamotegang ip=127.0.0.1 duration_ms=97
[2025-08-22 03:06:45,726] INFO core.middleware request GET /api/notifications/ 200 user=admin ip=127.0.0.1 duration_ms=244
[2025-08-22 03:06:52,050] INFO core.middleware request GET /programs/ 200 user=admin ip=127.0.0.1 duration_ms=13
[2025-08-22 03:07:29,207] INFO core.middleware request GET /api/notifications/ 200 user=kamotegang ip=127.0.0.1 duration_ms=4
[2025-08-22 03:07:52,350] INFO core.middleware request GET /api/notifications/ 200 user=admin ip=127.0.0.1 duration_ms=47
[2025-08-22 03:08:29,203] INFO core.middleware request GET /api/notifications/ 200 user=kamotegang ip=127.0.0.1 duration_ms=5
[2025-08-22 03:08:49,836] INFO django.utils.autoreload C:\Users\lenovo\Desktop\AgriDjangoPortal\AgriDjangoPortal\core\forms.py changed, reloading.
[2025-08-22 03:08:54,042] INFO django.utils.autoreload Watching for file changes with StatReloader
[2025-08-22 03:10:17,440] INFO django.utils.autoreload C:\Users\lenovo\Desktop\AgriDjangoPortal\AgriDjangoPortal\core\forms.py changed, reloading.
[2025-08-22 03:10:19,716] INFO django.utils.autoreload Watching for file changes with StatReloader
[2025-08-22 03:10:31,205] INFO core.middleware request GET /api/notifications/ 200 user=kamotegang ip=127.0.0.1 duration_ms=91
[2025-08-22 03:10:48,362] INFO django.utils.autoreload C:\Users\lenovo\Desktop\AgriDjangoPortal\AgriDjangoPortal\core\views.py changed, reloading.
[2025-08-22 03:10:51,019] INFO django.utils.autoreload Watching for file changes with StatReloader
[2025-08-22 03:10:52,218] INFO core.middleware request GET /api/notifications/ 200 user=admin ip=127.0.0.1 duration_ms=5
[2025-08-22 03:12:18,500] INFO core.middleware request GET /api/notifications/ 200 user=kamotegang ip=127.0.0.1 duration_ms=51
[2025-08-22 03:12:39,357] INFO core.middleware request GET /api/notifications/ 200 user=admin ip=127.0.0.1 duration_ms=2
[2025-08-22 03:13:19,388] INFO core.middleware request GET /api/notifications/ 200 user=kamotegang ip=127.0.0.1 duration_ms=4
[2025-08-22 03:13:21,583] INFO core.middleware request GET /programs/ 200 user=admin ip=127.0.0.1 duration_ms=2366
[2025-08-22 03:13:27,849] INFO core.middleware request GET / 200 user=admin ip=127.0.0.1 duration_ms=18
[2025-08-22 03:13:29,348] INFO core.middleware request GET /programs/ 200 user=admin ip=127.0.0.1 duration_ms=7
[2025-08-22 03:13:35,952] INFO core.middleware request GET /candidates/ 200 user=admin ip=127.0.0.1 duration_ms=874
[2025-08-22 03:13:44,075] INFO core.middleware request GET /programs/ 200 user=kamotegang ip=127.0.0.1 duration_ms=13
[2025-08-22 03:14:36,346] INFO core.middleware request GET /api/notifications/ 200 user=admin ip=127.0.0.1 duration_ms=4
[2025-08-22 03:14:45,502] INFO core.middleware request GET /api/notifications/ 200 user=kamotegang ip=127.0.0.1 duration_ms=26
[2025-08-22 03:15:36,643] INFO core.middleware request GET /api/notifications/ 200 user=admin ip=127.0.0.1 duration_ms=31
[2025-08-22 03:15:45,561] INFO core.middleware request GET /api/notifications/ 200 user=kamotegang ip=127.0.0.1 duration_ms=28
[2025-08-22 03:16:33,610] INFO core.middleware request GET /programs/ 200 user=kamotegang ip=127.0.0.1 duration_ms=220
[2025-08-22 03:16:36,362] INFO core.middleware request GET /api/notifications/ 200 user=admin ip=127.0.0.1 duration_ms=3
[2025-08-22 03:16:40,659] INFO core.middleware request GET /programs/ 200 user=kamotegang ip=127.0.0.1 duration_ms=17
[2025-08-22 03:16:52,440] INFO core.middleware request GET /programs/ 200 user=kamotegang ip=127.0.0.1 duration_ms=13
[2025-08-22 03:16:57,769] INFO core.middleware request GET /programs/ 200 user=kamotegang ip=127.0.0.1 duration_ms=73
[2025-08-22 03:17:01,165] INFO core.middleware request GET /programs/ 200 user=kamotegang ip=127.0.0.1 duration_ms=102
[2025-08-22 03:17:37,664] INFO core.middleware request GET /api/notifications/ 200 user=admin ip=127.0.0.1 duration_ms=40
[2025-08-22 03:18:02,388] INFO core.middleware request GET /api/notifications/ 200 user=kamotegang ip=127.0.0.1 duration_ms=28
[2025-08-22 03:18:37,421] INFO core.middleware request GET /api/notifications/ 200 user=admin ip=127.0.0.1 duration_ms=5
[2025-08-22 03:19:03,863] INFO core.middleware request GET /api/notifications/ 200 user=kamotegang ip=127.0.0.1 duration_ms=6
[2025-08-22 03:19:36,086] INFO core.middleware request GET /api/notifications/ 200 user=admin ip=127.0.0.1 duration_ms=4
[2025-08-22 03:19:41,541] INFO core.middleware request GET / 200 user=admin ip=127.0.0.1 duration_ms=5938
[2025-08-22 03:20:02,350] INFO core.middleware request GET /api/notifications/ 200 user=kamotegang ip=127.0.0.1 duration_ms=6
[2025-08-22 03:20:42,349] INFO core.middleware request GET /api/notifications/ 200 user=admin ip=127.0.0.1 duration_ms=3
[2025-08-22 03:21:02,362] INFO core.middleware request GET /api/notifications/ 200 user=kamotegang ip=127.0.0.1 duration_ms=4
[2025-08-22 03:21:42,367] INFO core.middleware request GET /api/notifications/ 200 user=admin ip=127.0.0.1 duration_ms=15
[2025-08-22 03:22:04,205] INFO core.middleware request GET /api/notifications/ 200 user=kamotegang ip=127.0.0.1 duration_ms=3
[2025-08-22 03:22:42,688] INFO core.middleware request GET /api/notifications/ 200 user=admin ip=127.0.0.1 duration_ms=28
[2025-08-22 03:23:02,374] INFO core.middleware request GET /api/notifications/ 200 user=kamotegang ip=127.0.0.1 duration_ms=5
[2025-08-22 03:23:42,361] INFO core.middleware request GET /api/notifications/ 200 user=admin ip=127.0.0.1 duration_ms=6
[2025-08-22 03:24:02,360] INFO core.middleware request GET /api/notifications/ 200 user=kamotegang ip=127.0.0.1 duration_ms=3
[2025-08-22 03:24:42,389] INFO core.middleware request GET /api/notifications/ 200 user=admin ip=127.0.0.1 duration_ms=21
[2025-08-22 03:25:02,353] INFO core.middleware request GET /api/notifications/ 200 user=kamotegang ip=127.0.0.1 duration_ms=2
[2025-08-22 03:25:42,357] INFO core.middleware request GET /api/notifications/ 200 user=admin ip=127.0.0.1 duration_ms=5
[2025-08-22 03:26:02,460] INFO core.middleware request GET /api/notifications/ 200 user=kamotegang ip=127.0.0.1 duration_ms=104
[2025-08-22 03:26:42,353] INFO core.middleware request GET /api/notifications/ 200 user=admin ip=127.0.0.1 duration_ms=3
[2025-08-22 03:27:02,366] INFO core.middleware request GET /api/notifications/ 200 user=kamotegang ip=127.0.0.1 duration_ms=4
[2025-08-22 03:27:43,395] INFO core.middleware request GET /api/notifications/ 200 user=admin ip=127.0.0.1 duration_ms=25
[2025-08-22 03:28:03,995] INFO core.middleware request GET /api/notifications/ 200 user=kamotegang ip=127.0.0.1 duration_ms=70
[2025-08-22 03:28:44,497] INFO core.middleware request GET /api/notifications/ 200 user=admin ip=127.0.0.1 duration_ms=32
[2025-08-22 03:29:02,383] INFO core.middleware request GET /api/notifications/ 200 user=kamotegang ip=127.0.0.1 duration_ms=33
[2025-08-22 03:29:45,450] INFO core.middleware request GET /api/notifications/ 200 user=admin ip=127.0.0.1 duration_ms=104
[2025-08-22 03:30:03,842] INFO core.middleware request GET /api/notifications/ 200 user=kamotegang ip=127.0.0.1 duration_ms=73
[2025-08-22 03:30:46,459] INFO core.middleware request GET /api/notifications/ 200 user=admin ip=127.0.0.1 duration_ms=108
[2025-08-22 03:31:04,352] INFO core.middleware request GET /api/notifications/ 200 user=kamotegang ip=127.0.0.1 duration_ms=3
[2025-08-22 03:31:47,354] INFO core.middleware request GET /api/notifications/ 200 user=admin ip=127.0.0.1 duration_ms=3
[2025-08-22 03:32:02,508] INFO core.middleware request GET /api/notifications/ 200 user=kamotegang ip=127.0.0.1 duration_ms=149
[2025-08-22 03:32:48,504] INFO core.middleware request GET /api/notifications/ 200 user=admin ip=127.0.0.1 duration_ms=20
[2025-08-22 03:33:03,478] INFO core.middleware request GET /api/notifications/ 200 user=kamotegang ip=127.0.0.1 duration_ms=124
[2025-08-22 03:33:49,514] INFO core.middleware request GET /api/notifications/ 200 user=admin ip=127.0.0.1 duration_ms=33
[2025-08-22 03:34:04,449] INFO core.middleware request GET /api/notifications/ 200 user=kamotegang ip=127.0.0.1 duration_ms=101
[2025-08-22 03:34:50,351] INFO core.middleware request GET /api/notifications/ 200 user=admin ip=127.0.0.1 duration_ms=4
[2025-08-22 03:35:02,396] INFO core.middleware request GET /api/notifications/ 200 user=kamotegang ip=127.0.0.1 duration_ms=24
[2025-08-22 03:35:51,376] INFO core.middleware request GET /api/notifications/ 200 user=admin ip=127.0.0.1 duration_ms=25
[2025-08-22 03:36:03,385] INFO core.middleware request GET /api/notifications/ 200 user=kamotegang ip=127.0.0.1 duration_ms=2
[2025-08-22 03:36:51,811] INFO core.middleware request GET /api/notifications/ 200 user=admin ip=127.0.0.1 duration_ms=57
[2025-08-22 03:37:04,442] INFO core.middleware request GET /api/notifications/ 200 user=kamotegang ip=127.0.0.1 duration_ms=59
[2025-08-22 03:37:51,359] INFO core.middleware request GET /api/notifications/ 200 user=admin ip=127.0.0.1 duration_ms=3
[2025-08-22 03:38:02,463] INFO core.middleware request GET /api/notifications/ 200 user=kamotegang ip=127.0.0.1 duration_ms=107
[2025-08-22 03:38:51,427] INFO core.middleware request GET /api/notifications/ 200 user=admin ip=127.0.0.1 duration_ms=48
[2025-08-22 03:39:03,887] INFO core.middleware request GET /api/notifications/ 200 user=kamotegang ip=127.0.0.1 duration_ms=56
[2025-08-22 03:39:51,458] INFO core.middleware request GET /api/notifications/ 200 user=admin ip=127.0.0.1 duration_ms=115
[2025-08-22 03:40:04,649] INFO core.middleware request GET /api/notifications/ 200 user=kamotegang ip=127.0.0.1 duration_ms=148
[2025-08-22 03:40:51,351] INFO core.middleware request GET /api/notifications/ 200 user=admin ip=127.0.0.1 duration_ms=2
[2025-08-22 03:41:05,365] INFO core.middleware request GET /api/notifications/ 200 user=kamotegang ip=127.0.0.1 duration_ms=2
[2025-08-22 03:41:51,382] INFO core.middleware request GET /api/notifications/ 200 user=admin ip=127.0.0.1 duration_ms=24
[2025-08-22 03:42:02,347] INFO core.middleware request GET /api/notifications/ 200 user=kamotegang ip=127.0.0.1 duration_ms=3
[2025-08-22 03:42:51,476] INFO core.middleware request GET /api/notifications/ 200 user=admin ip=127.0.0.1 duration_ms=6
[2025-08-22 03:43:03,350] INFO core.middleware request GET /api/notifications/ 200 user=kamotegang ip=127.0.0.1 duration_ms=4
[2025-08-22 03:43:51,453] INFO core.middleware request GET /api/notifications/ 200 user=admin ip=127.0.0.1 duration_ms=66
[2025-08-22 03:44:04,352] INFO core.middleware request GET /api/notifications/ 200 user=kamotegang ip=127.0.0.1 duration_ms=3
[2025-08-22 03:44:51,457] INFO core.middleware request GET /api/notifications/ 200 user=admin ip=127.0.0.1 duration_ms=41
[2025-08-22 03:45:05,483] INFO core.middleware request GET /api/notifications/ 200 user=kamotegang ip=127.0.0.1 duration_ms=26
[2025-08-22 03:45:51,355] INFO core.middleware request GET /api/notifications/ 200 user=admin ip=127.0.0.1 duration_ms=3
[2025-08-22 03:46:06,370] INFO core.middleware request GET /api/notifications/ 200 user=kamotegang ip=127.0.0.1 duration_ms=15
[2025-08-22 03:46:51,360] INFO core.middleware request GET /api/notifications/ 200 user=admin ip=127.0.0.1 duration_ms=3
[2025-08-22 03:47:07,453] INFO core.middleware request GET /api/notifications/ 200 user=kamotegang ip=127.0.0.1 duration_ms=26
[2025-08-22 03:47:51,458] INFO core.middleware request GET /api/notifications/ 200 user=admin ip=127.0.0.1 duration_ms=60
[2025-08-22 03:48:09,605] INFO core.middleware request GET /api/notifications/ 200 user=kamotegang ip=127.0.0.1 duration_ms=100
[2025-08-22 03:48:51,627] INFO core.middleware request GET /api/notifications/ 200 user=admin ip=127.0.0.1 duration_ms=4
[2025-08-22 03:49:09,353] INFO core.middleware request GET /api/notifications/ 200 user=kamotegang ip=127.0.0.1 duration_ms=3
[2025-08-22 03:49:51,513] INFO core.middleware request GET /api/notifications/ 200 user=admin ip=127.0.0.1 duration_ms=64
[2025-08-22 03:50:02,519] INFO core.middleware request GET /api/notifications/ 200 user=kamotegang ip=127.0.0.1 duration_ms=125
[2025-08-22 03:50:52,104] INFO core.middleware request GET /api/notifications/ 200 user=admin ip=127.0.0.1 duration_ms=64
[2025-08-22 03:51:03,358] INFO core.middleware request GET /api/notifications/ 200 user=kamotegang ip=127.0.0.1 duration_ms=3
[2025-08-22 03:51:51,355] INFO core.middleware request GET /api/notifications/ 200 user=admin ip=127.0.0.1 duration_ms=3
[2025-08-22 03:52:04,358] INFO core.middleware request GET /api/notifications/ 200 user=kamotegang ip=127.0.0.1 duration_ms=2
[2025-08-22 03:52:51,489] INFO core.middleware request GET /api/notifications/ 200 user=admin ip=127.0.0.1 duration_ms=51
[2025-08-22 03:53:05,437] INFO core.middleware request GET /api/notifications/ 200 user=kamotegang ip=127.0.0.1 duration_ms=76
[2025-08-22 03:53:51,357] INFO core.middleware request GET /api/notifications/ 200 user=admin ip=127.0.0.1 duration_ms=3
[2025-08-22 03:54:06,358] INFO core.middleware request GET /api/notifications/ 200 user=kamotegang ip=127.0.0.1 duration_ms=3
[2025-08-22 03:54:51,395] INFO core.middleware request GET /api/notifications/ 200 user=admin ip=127.0.0.1 duration_ms=24
[2025-08-22 03:55:07,406] INFO core.middleware request GET /api/notifications/ 200 user=kamotegang ip=127.0.0.1 duration_ms=31
[2025-08-22 03:55:51,350] INFO core.middleware request GET /api/notifications/ 200 user=admin ip=127.0.0.1 duration_ms=2
[2025-08-22 03:56:08,345] INFO core.middleware request GET /api/notifications/ 200 user=kamotegang ip=127.0.0.1 duration_ms=3
[2025-08-22 03:56:51,351] INFO core.middleware request GET /api/notifications/ 200 user=admin ip=127.0.0.1 duration_ms=3
[2025-08-22 03:57:09,661] INFO core.middleware request GET /api/notifications/ 200 user=kamotegang ip=127.0.0.1 duration_ms=304
[2025-08-22 03:57:51,353] INFO core.middleware request GET /api/notifications/ 200 user=admin ip=127.0.0.1 duration_ms=3
[2025-08-22 03:58:10,354] INFO core.middleware request GET /api/notifications/ 200 user=kamotegang ip=127.0.0.1 duration_ms=3
[2025-08-22 03:58:51,357] INFO core.middleware request GET /api/notifications/ 200 user=admin ip=127.0.0.1 duration_ms=4
[2025-08-22 03:59:11,497] INFO core.middleware request GET /api/notifications/ 200 user=kamotegang ip=127.0.0.1 duration_ms=125
[2025-08-22 03:59:51,353] INFO core.middleware request GET /api/notifications/ 200 user=admin ip=127.0.0.1 duration_ms=2
[2025-08-22 04:00:51,369] INFO core.middleware request GET /api/notifications/ 200 user=admin ip=127.0.0.1 duration_ms=5
[2025-08-22 04:01:51,379] INFO core.middleware request GET /api/notifications/ 200 user=admin ip=127.0.0.1 duration_ms=30
[2025-08-22 04:02:51,481] INFO core.middleware request GET /api/notifications/ 200 user=admin ip=127.0.0.1 duration_ms=36
[2025-08-22 04:03:51,498] INFO core.middleware request GET /api/notifications/ 200 user=admin ip=127.0.0.1 duration_ms=36
[2025-08-22 04:04:51,404] INFO core.middleware request GET /api/notifications/ 200 user=admin ip=127.0.0.1 duration_ms=46
[2025-08-22 04:05:51,350] INFO core.middleware request GET /api/notifications/ 200 user=admin ip=127.0.0.1 duration_ms=4
[2025-08-22 04:06:51,568] INFO core.middleware request GET /api/notifications/ 200 user=admin ip=127.0.0.1 duration_ms=43
[2025-08-22 04:07:51,570] INFO core.middleware request GET /api/notifications/ 200 user=admin ip=127.0.0.1 duration_ms=224
[2025-08-22 04:08:51,766] INFO core.middleware request GET /api/notifications/ 200 user=admin ip=127.0.0.1 duration_ms=308
[2025-08-22 04:09:40,530] INFO django.utils.autoreload C:\Users\lenovo\Desktop\AgriDjangoPortal\AgriDjangoPortal\core\models.py changed, reloading.
[2025-08-22 04:10:10,592] INFO django.utils.autoreload Watching for file changes with StatReloader
[2025-08-22 04:10:51,542] INFO core.middleware request GET /api/notifications/ 200 user=admin ip=127.0.0.1 duration_ms=7
[2025-08-22 04:11:51,624] INFO core.middleware request GET /api/notifications/ 200 user=admin ip=127.0.0.1 duration_ms=8
[2025-08-22 04:12:10,270] INFO django.utils.autoreload C:\Users\lenovo\Desktop\AgriDjangoPortal\AgriDjangoPortal\core\admin.py changed, reloading.
[2025-08-22 04:12:13,585] INFO django.utils.autoreload Watching for file changes with StatReloader
[2025-08-22 04:12:52,099] INFO core.middleware request GET /api/notifications/ 200 user=admin ip=127.0.0.1 duration_ms=5
[2025-08-22 04:13:51,494] INFO core.middleware request GET /api/notifications/ 200 user=admin ip=127.0.0.1 duration_ms=5
[2025-08-22 04:14:27,227] INFO django.utils.autoreload C:\Users\lenovo\Desktop\AgriDjangoPortal\AgriDjangoPortal\core\models.py changed, reloading.
[2025-08-22 04:14:31,984] INFO django.utils.autoreload Watching for file changes with StatReloader
[2025-08-22 04:14:51,609] INFO core.middleware request GET /api/notifications/ 200 user=admin ip=127.0.0.1 duration_ms=4
[2025-08-22 04:15:51,402] INFO core.middleware request GET /api/notifications/ 200 user=admin ip=127.0.0.1 duration_ms=5
[2025-08-22 04:16:45,193] INFO django.utils.autoreload C:\Users\lenovo\Desktop\AgriDjangoPortal\AgriDjangoPortal\core\forms.py changed, reloading.
[2025-08-22 04:16:47,476] INFO django.utils.autoreload Watching for file changes with StatReloader
[2025-08-22 04:16:51,372] INFO core.middleware request GET /api/notifications/ 200 user=admin ip=127.0.0.1 duration_ms=5
[2025-08-22 04:17:13,418] INFO django.utils.autoreload C:\Users\lenovo\Desktop\AgriDjangoPortal\AgriDjangoPortal\core\views.py changed, reloading.
[2025-08-22 04:17:15,405] INFO django.utils.autoreload Watching for file changes with StatReloader
[2025-08-22 04:17:51,411] INFO core.middleware request GET /api/notifications/ 200 user=admin ip=127.0.0.1 duration_ms=4
[2025-08-22 04:18:51,365] INFO core.middleware request GET /api/notifications/ 200 user=admin ip=127.0.0.1 duration_ms=5
[2025-08-22 04:19:06,935] INFO core.middleware request GET / 200 user=admin ip=127.0.0.1 duration_ms=298
[2025-08-22 04:19:10,467] INFO core.middleware request GET /admin/ 200 user=admin ip=127.0.0.1 duration_ms=537
[2025-08-22 04:19:13,977] INFO core.middleware request GET /admin/core/agricultureprogram/add/ 200 user=admin ip=127.0.0.1 duration_ms=359
[2025-08-22 04:19:14,187] INFO core.middleware request GET /admin/jsi18n/ 200 user=admin ip=127.0.0.1 duration_ms=134
[2025-08-22 04:19:45,034] INFO core.middleware request POST /admin/core/agricultureprogram/add/ 302 user=admin ip=127.0.0.1 duration_ms=233
[2025-08-22 04:19:45,510] INFO core.middleware request GET /admin/core/agricultureprogram/ 200 user=admin ip=127.0.0.1 duration_ms=285
[2025-08-22 04:19:45,544] INFO core.middleware request GET /admin/jsi18n/ 200 user=admin ip=127.0.0.1 duration_ms=6
[2025-08-22 04:19:49,004] INFO core.middleware request GET / 200 user=admin ip=127.0.0.1 duration_ms=7
[2025-08-22 04:19:50,910] INFO core.middleware request GET /programs/ 200 user=admin ip=127.0.0.1 duration_ms=26
[2025-08-22 04:19:56,936] INFO core.middleware request GET /programs/4/ 200 user=admin ip=127.0.0.1 duration_ms=536
[2025-08-22 04:20:06,118] INFO core.middleware request GET /logout/ 302 user= ip=127.0.0.1 duration_ms=39
[2025-08-22 04:20:06,126] INFO core.middleware request GET / 200 user= ip=127.0.0.1 duration_ms=2
[2025-08-22 04:20:07,527] INFO core.middleware request GET /modal/login/ 200 user= ip=127.0.0.1 duration_ms=2
[2025-08-22 04:20:18,506] INFO core.middleware request POST /api/ajax-login/ 200 user=kamotegang ip=127.0.0.1 duration_ms=927
[2025-08-22 04:20:19,058] INFO core.middleware request GET / 200 user=kamotegang ip=127.0.0.1 duration_ms=5
[2025-08-22 04:20:23,126] INFO core.middleware request GET /profile/ 200 user=kamotegang ip=127.0.0.1 duration_ms=20
[2025-08-22 04:20:25,899] INFO core.middleware request GET /programs/ 200 user=kamotegang ip=127.0.0.1 duration_ms=6
[2025-08-22 04:20:28,170] INFO core.middleware request GET /programs/4/apply/ 302 user=kamotegang ip=127.0.0.1 duration_ms=4
[2025-08-22 04:20:28,203] INFO core.middleware request GET /programs/4/ 200 user=kamotegang ip=127.0.0.1 duration_ms=16
[2025-08-22 04:20:36,913] INFO core.middleware request GET /programs/4/apply/ 302 user=kamotegang ip=127.0.0.1 duration_ms=4
[2025-08-22 04:20:36,923] INFO core.middleware request GET /programs/4/ 200 user=kamotegang ip=127.0.0.1 duration_ms=5
[2025-08-22 04:20:38,770] INFO core.middleware request GET /programs/4/apply/ 302 user=kamotegang ip=127.0.0.1 duration_ms=4
[2025-08-22 04:20:38,785] INFO core.middleware request GET /programs/4/ 200 user=kamotegang ip=127.0.0.1 duration_ms=10
[2025-08-22 04:20:41,392] INFO core.middleware request GET /profile/ 200 user=kamotegang ip=127.0.0.1 duration_ms=28
[2025-08-22 04:21:42,360] INFO core.middleware request GET /api/notifications/ 200 user=kamotegang ip=127.0.0.1 duration_ms=4
[2025-08-22 04:21:52,236] INFO core.middleware request GET /programs/ 200 user=kamotegang ip=127.0.0.1 duration_ms=9
[2025-08-22 04:21:55,114] INFO core.middleware request GET /programs/4/apply/ 302 user=kamotegang ip=127.0.0.1 duration_ms=3
[2025-08-22 04:21:55,123] INFO core.middleware request GET /programs/4/ 200 user=kamotegang ip=127.0.0.1 duration_ms=5
[2025-08-22 04:22:52,130] INFO django.utils.autoreload C:\Users\lenovo\Desktop\AgriDjangoPortal\AgriDjangoPortal\core\models.py changed, reloading.
[2025-08-22 04:22:56,877] INFO django.utils.autoreload Watching for file changes with StatReloader
[2025-08-22 04:23:55,612] INFO core.middleware request GET /api/notifications/ 200 user=kamotegang ip=127.0.0.1 duration_ms=5
[2025-08-22 04:24:04,561] INFO django.utils.autoreload C:\Users\lenovo\Desktop\AgriDjangoPortal\AgriDjangoPortal\core\forms.py changed, reloading.
[2025-08-22 04:24:06,432] INFO django.utils.autoreload Watching for file changes with StatReloader
[2025-08-22 04:24:55,380] INFO core.middleware request GET /api/notifications/ 200 user=kamotegang ip=127.0.0.1 duration_ms=4
[2025-08-22 04:25:44,998] INFO core.middleware request GET /profile/ 200 user=kamotegang ip=127.0.0.1 duration_ms=1517
[2025-08-22 04:26:02,734] INFO core.middleware request POST /profile/ 302 user=kamotegang ip=127.0.0.1 duration_ms=112
[2025-08-22 04:26:02,747] INFO core.middleware request GET /profile/ 200 user=kamotegang ip=127.0.0.1 duration_ms=9
[2025-08-22 04:26:04,796] INFO core.middleware request GET /programs/ 200 user=kamotegang ip=127.0.0.1 duration_ms=23
[2025-08-22 04:26:08,137] INFO core.middleware request GET /programs/4/apply/ 200 user=kamotegang ip=127.0.0.1 duration_ms=52
[2025-08-22 04:26:33,176] INFO core.middleware request GET /profile/ 200 user=kamotegang ip=127.0.0.1 duration_ms=17
[2025-08-22 04:27:33,390] INFO core.middleware request GET /api/notifications/ 200 user=kamotegang ip=127.0.0.1 duration_ms=4
[2025-08-22 04:28:33,356] INFO core.middleware request GET /api/notifications/ 200 user=kamotegang ip=127.0.0.1 duration_ms=5
[2025-08-22 04:28:53,037] INFO django.utils.autoreload C:\Users\lenovo\Desktop\AgriDjangoPortal\AgriDjangoPortal\core\forms.py changed, reloading.
[2025-08-22 04:28:55,879] INFO django.utils.autoreload Watching for file changes with StatReloader
[2025-08-22 04:29:33,352] INFO core.middleware request GET /api/notifications/ 200 user=kamotegang ip=127.0.0.1 duration_ms=4
[2025-08-22 04:30:33,450] INFO core.middleware request GET /api/notifications/ 200 user=kamotegang ip=127.0.0.1 duration_ms=3
[2025-08-22 04:31:03,644] INFO core.middleware request GET /profile/ 200 user=kamotegang ip=127.0.0.1 duration_ms=39
[2025-08-22 04:31:12,378] INFO core.middleware request POST /profile/ 302 user=kamotegang ip=127.0.0.1 duration_ms=110
[2025-08-22 04:31:12,393] INFO core.middleware request GET /profile/ 200 user=kamotegang ip=127.0.0.1 duration_ms=10
[2025-08-22 04:31:20,210] INFO core.middleware request POST /profile/ 200 user=kamotegang ip=127.0.0.1 duration_ms=87
[2025-08-22 04:31:24,842] INFO core.middleware request GET /api/notifications/ 200 user=kamotegang ip=127.0.0.1 duration_ms=2
[2025-08-22 04:31:28,295] INFO core.middleware request GET /programs/ 200 user=kamotegang ip=127.0.0.1 duration_ms=14
[2025-08-22 04:31:30,294] INFO core.middleware request GET /programs/4/apply/ 302 user=kamotegang ip=127.0.0.1 duration_ms=9
[2025-08-22 04:31:30,311] INFO core.middleware request GET /programs/4/ 200 user=kamotegang ip=127.0.0.1 duration_ms=12
[2025-08-22 04:31:36,531] INFO core.middleware request GET /profile/ 200 user=kamotegang ip=127.0.0.1 duration_ms=13
[2025-08-22 04:31:43,567] INFO core.middleware request POST /profile/ 200 user=kamotegang ip=127.0.0.1 duration_ms=12
[2025-08-22 04:31:49,415] INFO core.middleware request GET /api/notifications/ 200 user=kamotegang ip=127.0.0.1 duration_ms=2
[2025-08-22 04:31:51,121] INFO core.middleware request GET /api/notifications/ 200 user=kamotegang ip=127.0.0.1 duration_ms=2
[2025-08-22 04:31:54,396] INFO core.middleware request GET /api/notifications/ 200 user=kamotegang ip=127.0.0.1 duration_ms=3
[2025-08-22 04:31:56,368] INFO core.middleware request GET /api/notifications/ 200 user=kamotegang ip=127.0.0.1 duration_ms=3
[2025-08-22 04:32:44,354] INFO core.middleware request GET /api/notifications/ 200 user=kamotegang ip=127.0.0.1 duration_ms=4
[2025-08-22 04:33:44,346] INFO core.middleware request GET /api/notifications/ 200 user=kamotegang ip=127.0.0.1 duration_ms=3
[2025-08-22 04:34:44,347] INFO core.middleware request GET /api/notifications/ 200 user=kamotegang ip=127.0.0.1 duration_ms=3
[2025-08-22 04:35:10,963] INFO django.utils.autoreload C:\Users\lenovo\Desktop\AgriDjangoPortal\AgriDjangoPortal\core\views.py changed, reloading.
[2025-08-22 04:35:15,227] INFO django.utils.autoreload Watching for file changes with StatReloader
[2025-08-22 04:35:44,407] INFO core.middleware request GET /api/notifications/ 200 user=kamotegang ip=127.0.0.1 duration_ms=5
[2025-08-22 04:36:05,539] INFO core.middleware request POST /profile/ 200 user=kamotegang ip=127.0.0.1 duration_ms=49
[2025-08-22 04:36:13,244] INFO core.middleware request POST /profile/ 302 user=kamotegang ip=127.0.0.1 duration_ms=101
[2025-08-22 04:36:13,261] INFO core.middleware request GET /profile/ 200 user=kamotegang ip=127.0.0.1 duration_ms=12
[2025-08-22 04:36:21,965] INFO core.middleware request POST /profile/ 200 user=kamotegang ip=127.0.0.1 duration_ms=15
[2025-08-22 04:36:46,104] INFO core.middleware request POST /profile/ 302 user=kamotegang ip=127.0.0.1 duration_ms=1404
[2025-08-22 04:36:46,123] INFO core.middleware request GET /profile/ 200 user=kamotegang ip=127.0.0.1 duration_ms=13
[2025-08-22 04:36:49,971] INFO core.middleware request GET /programs/ 200 user=kamotegang ip=127.0.0.1 duration_ms=12
[2025-08-22 04:36:52,141] INFO core.middleware request GET /programs/4/apply/ 200 user=kamotegang ip=127.0.0.1 duration_ms=114
[2025-08-22 04:36:55,843] INFO core.middleware request GET /api/notifications/ 200 user=kamotegang ip=127.0.0.1 duration_ms=3
[2025-08-22 04:36:58,278] INFO core.middleware request GET /notifications/mark-all-read/ 302 user=kamotegang ip=127.0.0.1 duration_ms=15
[2025-08-22 04:36:58,295] INFO core.middleware request GET /notifications/ 200 user=kamotegang ip=127.0.0.1 duration_ms=12
[2025-08-22 04:37:00,571] INFO core.middleware request GET /profile/ 200 user=kamotegang ip=127.0.0.1 duration_ms=15
[2025-08-22 04:38:01,351] INFO core.middleware request GET /api/notifications/ 200 user=kamotegang ip=127.0.0.1 duration_ms=4
[2025-08-22 04:43:03,031] INFO django.utils.autoreload Watching for file changes with StatReloader
[2025-08-22 04:43:08,118] INFO core.middleware request GET / 200 user=kamotegang ip=127.0.0.1 duration_ms=103
[2025-08-22 04:43:10,955] INFO core.middleware request GET /profile/ 200 user=kamotegang ip=127.0.0.1 duration_ms=624
[2025-08-22 04:43:27,305] INFO core.middleware request POST /profile/ 302 user=kamotegang ip=127.0.0.1 duration_ms=256
[2025-08-22 04:43:27,360] INFO core.middleware request GET /profile/ 200 user=kamotegang ip=127.0.0.1 duration_ms=24
[2025-08-22 04:43:36,974] INFO core.middleware request POST /profile/ 200 user=kamotegang ip=127.0.0.1 duration_ms=29
